0.200000 2.915531
0.204082 2.933278
0.208333 2.952015
0.212766 2.971826
0.217391 2.992808
0.222222 3.015067
0.227273 3.038725
0.232558 3.063919
0.238095 3.090804
0.243902 3.119558
0.250000 3.150385
0.256410 3.183517
0.263158 3.219228
0.270270 3.257831
0.277778 3.299699
0.285714 3.345266
0.294118 3.395054
0.303030 3.449684
0.312500 3.509910
0.322581 3.576653
0.333333 3.651049
0.344828 3.734524
0.357143 3.828886
0.370370 3.936470
0.384615 4.060352
0.400000 4.204670
0.416667 4.375147
0.434783 4.579960
0.454545 4.831274
0.476190 5.148139
0.500000 5.562503
0.526316 6.133270
0.555556 6.985501
0.588235 8.455015
0.625000 12.006984
0.666667 181.900617
