0.000000 0.000000
1.000000 0.019250
2.000000 0.019390
3.000000 0.019532
4.000000 0.019676
5.000000 0.019823
6.000000 0.019972
7.000000 0.020124
8.000000 0.020279
9.000000 0.020437
10.000000 0.020598
11.000000 0.020761
12.000000 0.020928
13.000000 0.021099
14.000000 0.021272
15.000000 0.021450
16.000000 0.021631
17.000000 0.021815
18.000000 0.022004
19.000000 0.022196
20.000000 0.022393
21.000000 0.022594
22.000000 0.022800
23.000000 0.023011
24.000000 0.023226
25.000000 0.023447
26.000000 0.023672
27.000000 0.023904
28.000000 0.024141
29.000000 0.024384
30.000000 0.024634
31.000000 0.024891
32.000000 0.025154
33.000000 0.025425
34.000000 0.025703
35.000000 0.025989
36.000000 0.026284
37.000000 0.026588
38.000000 0.026902
39.000000 0.027225
40.000000 0.027559
41.000000 0.027905
42.000000 0.028262
43.000000 0.028632
44.000000 0.029015
45.000000 0.029413
46.000000 0.029826
47.000000 0.030256
48.000000 0.030704
49.000000 0.031170
50.000000 0.031657
51.000000 0.032166
52.000000 0.032700
53.000000 0.033259
54.000000 0.033847
55.000000 0.034466
56.000000 0.035120
57.000000 0.035811
58.000000 0.036544
59.000000 0.037323
60.000000 0.038154
61.000000 0.039044
62.000000 0.039998
63.000000 0.041027
64.000000 0.042140
65.000000 0.043351
66.000000 0.044675
67.000000 0.046130
68.000000 0.047742
69.000000 0.049540
70.000000 0.051564
71.000000 0.053865
72.000000 0.056512
73.000000 0.059600
74.000000 0.063265
75.000000 0.067708
76.000000 0.073241
77.000000 0.080379
78.000000 0.090050
79.000000 0.104139
80.000000 0.127262
81.000000 0.175131
82.000000 0.369225
