0.000000 0.000000
1.000000 0.017546
2.000000 0.017669
3.000000 0.017795
4.000000 0.017923
5.000000 0.018053
6.000000 0.018185
7.000000 0.018320
8.000000 0.018457
9.000000 0.018596
10.000000 0.018738
11.000000 0.018883
12.000000 0.019030
13.000000 0.019180
14.000000 0.019333
15.000000 0.019489
16.000000 0.019648
17.000000 0.019811
18.000000 0.019976
19.000000 0.020146
20.000000 0.020318
21.000000 0.020495
22.000000 0.020675
23.000000 0.020859
24.000000 0.021047
25.000000 0.021240
26.000000 0.021437
27.000000 0.021639
28.000000 0.021846
29.000000 0.022058
30.000000 0.022275
31.000000 0.022498
32.000000 0.022726
33.000000 0.022961
34.000000 0.023202
35.000000 0.023450
36.000000 0.023705
37.000000 0.023968
38.000000 0.024238
39.000000 0.024517
40.000000 0.024805
41.000000 0.025101
42.000000 0.025408
43.000000 0.025726
44.000000 0.026054
45.000000 0.026395
46.000000 0.026748
47.000000 0.027115
48.000000 0.027496
49.000000 0.027894
50.000000 0.028308
51.000000 0.028741
52.000000 0.029193
53.000000 0.029667
54.000000 0.030165
55.000000 0.030689
56.000000 0.031241
57.000000 0.031824
58.000000 0.032442
59.000000 0.033099
60.000000 0.033798
61.000000 0.034546
62.000000 0.035348
63.000000 0.036212
64.000000 0.037147
65.000000 0.038164
66.000000 0.039276
67.000000 0.040500
68.000000 0.041855
69.000000 0.043370
70.000000 0.045078
71.000000 0.047023
72.000000 0.049269
73.000000 0.051899
74.000000 0.055036
75.000000 0.058863
76.000000 0.063667
77.000000 0.069930
78.000000 0.078536
79.000000 0.091334
80.000000 0.113074
81.000000 0.161812
82.000000 0.468609
