0.000000 0.000000
0.100000 0.216226
0.200000 0.218249
0.300000 0.220322
0.400000 0.222448
0.500000 0.224629
0.600000 0.226867
0.700000 0.229165
0.800000 0.231526
0.900000 0.233953
1.000000 0.236448
1.100000 0.239014
1.200000 0.241657
1.300000 0.244378
1.400000 0.247182
1.500000 0.250073
1.600000 0.253056
1.700000 0.256135
1.800000 0.259316
1.900000 0.262605
2.000000 0.266006
2.100000 0.269528
2.200000 0.273177
2.300000 0.276960
2.400000 0.280886
2.500000 0.284964
2.600000 0.289203
2.700000 0.293615
2.800000 0.298210
2.900000 0.303001
3.000000 0.308003
3.100000 0.313230
3.200000 0.318699
3.300000 0.324430
3.400000 0.330441
3.500000 0.336757
3.600000 0.343402
3.700000 0.350405
3.800000 0.357799
3.900000 0.365617
4.000000 0.373902
4.100000 0.382698
4.200000 0.392058
4.300000 0.402041
4.400000 0.412716
4.500000 0.424163
4.600000 0.436472
4.700000 0.449752
4.800000 0.464130
4.900000 0.479756
5.000000 0.496810
5.100000 0.515510
5.200000 0.536121
5.300000 0.558972
5.400000 0.584471
5.500000 0.613140
5.600000 0.645650
5.700000 0.682885
5.800000 0.726036
5.900000 0.776750
6.000000 0.837384
6.100000 0.911446
6.200000 1.004429
6.300000 1.125519
6.400000 1.291479
6.500000 1.536927
6.600000 1.948153
6.700000 2.823721
6.800000 6.464298
