0.000000 0.000000
1.000000 0.022567
2.000000 0.022737
3.000000 0.022910
4.000000 0.023087
5.000000 0.023266
6.000000 0.023449
7.000000 0.023635
8.000000 0.023825
9.000000 0.024019
10.000000 0.024216
11.000000 0.024417
12.000000 0.024622
13.000000 0.024832
14.000000 0.025045
15.000000 0.025263
16.000000 0.025486
17.000000 0.025713
18.000000 0.025946
19.000000 0.026183
20.000000 0.026426
21.000000 0.026675
22.000000 0.026929
23.000000 0.027189
24.000000 0.027456
25.000000 0.027729
26.000000 0.028009
27.000000 0.028296
28.000000 0.028590
29.000000 0.028893
30.000000 0.029203
31.000000 0.029522
32.000000 0.029850
33.000000 0.030187
34.000000 0.030534
35.000000 0.030891
36.000000 0.031259
37.000000 0.031639
38.000000 0.032031
39.000000 0.032435
40.000000 0.032853
41.000000 0.033286
42.000000 0.033733
43.000000 0.034197
44.000000 0.034678
45.000000 0.035178
46.000000 0.035697
47.000000 0.036237
48.000000 0.036799
49.000000 0.037386
50.000000 0.037999
51.000000 0.038640
52.000000 0.039311
53.000000 0.040015
54.000000 0.040755
55.000000 0.041535
56.000000 0.042357
57.000000 0.043226
58.000000 0.044147
59.000000 0.045126
60.000000 0.046169
61.000000 0.047283
62.000000 0.048477
63.000000 0.049761
64.000000 0.051149
65.000000 0.052653
66.000000 0.054293
67.000000 0.056089
68.000000 0.058069
69.000000 0.060266
70.000000 0.062724
71.000000 0.065497
72.000000 0.068660
73.000000 0.072313
74.000000 0.076593
75.000000 0.081703
76.000000 0.087944
77.000000 0.095797
78.000000 0.106081
79.000000 0.120332
80.000000 0.141862
81.000000 0.179521
82.000000 0.268640
83.000000 0.900406
