0.000000 0.000000
0.100000 0.522626
0.200000 0.527199
0.300000 0.531868
0.400000 0.536636
0.500000 0.541507
0.600000 0.546484
0.700000 0.551571
0.800000 0.556772
0.900000 0.562091
1.000000 0.567533
1.100000 0.573103
1.200000 0.578805
1.300000 0.584646
1.400000 0.590629
1.500000 0.596762
1.600000 0.603050
1.700000 0.609499
1.800000 0.616118
1.900000 0.622913
2.000000 0.629892
2.100000 0.637063
2.200000 0.644436
2.300000 0.652019
2.400000 0.659823
2.500000 0.667858
2.600000 0.676136
2.700000 0.684669
2.800000 0.693470
2.900000 0.702554
3.000000 0.711935
3.100000 0.721630
3.200000 0.731656
3.300000 0.742032
3.400000 0.752779
3.500000 0.763919
3.600000 0.775476
3.700000 0.787476
3.800000 0.799948
3.900000 0.812923
4.000000 0.826434
4.100000 0.840520
4.200000 0.855220
4.300000 0.870581
4.400000 0.886652
4.500000 0.903489
4.600000 0.921152
4.700000 0.939711
4.800000 0.959241
4.900000 0.979829
5.000000 1.001571
5.100000 1.024578
5.200000 1.048973
5.300000 1.074898
5.400000 1.102518
5.500000 1.132019
5.600000 1.163621
5.700000 1.197578
5.800000 1.234192
5.900000 1.273818
6.000000 1.316883
6.100000 1.363901
6.200000 1.415503
6.300000 1.472463
6.400000 1.535754
6.500000 1.606613
6.600000 1.686639
6.700000 1.777941
6.800000 1.883373
6.900000 2.006897
7.000000 2.154207
7.100000 2.333821
7.200000 2.559145
7.300000 2.852686
7.400000 3.255613
7.500000 3.852754
7.600000 4.853047
7.700000 6.954048
7.800000 14.843143
