0.000000 0.000000
0.100000 0.213290
0.200000 0.214659
0.300000 0.216050
0.400000 0.217461
0.500000 0.218895
0.600000 0.220351
0.700000 0.221830
0.800000 0.223333
0.900000 0.224860
1.000000 0.226412
1.100000 0.227990
1.200000 0.229594
1.300000 0.231225
1.400000 0.232883
1.500000 0.234570
1.600000 0.236287
1.700000 0.238034
1.800000 0.239812
1.900000 0.241622
2.000000 0.243464
2.100000 0.245341
2.200000 0.247253
2.300000 0.249201
2.400000 0.251186
2.500000 0.253209
2.600000 0.255272
2.700000 0.257376
2.800000 0.259522
2.900000 0.261712
3.000000 0.263946
3.100000 0.266228
3.200000 0.268557
3.300000 0.270937
3.400000 0.273368
3.500000 0.275853
3.600000 0.278394
3.700000 0.280992
3.800000 0.283650
3.900000 0.286370
4.000000 0.289155
4.100000 0.292006
4.200000 0.294927
4.300000 0.297921
4.400000 0.300991
4.500000 0.304139
4.600000 0.307369
4.700000 0.310685
4.800000 0.314091
4.900000 0.317589
5.000000 0.321186
5.100000 0.324885
5.200000 0.328691
5.300000 0.332610
5.400000 0.336646
5.500000 0.340806
5.600000 0.345097
5.700000 0.349524
5.800000 0.354096
5.900000 0.358820
6.000000 0.363704
6.100000 0.368758
6.200000 0.373992
6.300000 0.379417
6.400000 0.385043
6.500000 0.390884
6.600000 0.396953
6.700000 0.403265
6.800000 0.409837
6.900000 0.416687
7.000000 0.423834
7.100000 0.431300
7.200000 0.439109
7.300000 0.447287
7.400000 0.455865
7.500000 0.464875
7.600000 0.474354
7.700000 0.484342
7.800000 0.494888
7.900000 0.506043
8.000000 0.517867
8.100000 0.530428
8.200000 0.543805
8.300000 0.558089
8.400000 0.573384
8.500000 0.589814
8.600000 0.607523
8.700000 0.626683
8.800000 0.647499
8.900000 0.670220
9.000000 0.695150
9.100000 0.722663
9.200000 0.753231
9.300000 0.787452
9.400000 0.826100
9.500000 0.870199
9.600000 0.921132
9.700000 0.980819
9.800000 1.052015
9.900000 1.138832
10.000000 1.247706
10.100000 1.389360
10.200000 1.583140
10.300000 1.868044
10.400000 2.336550
10.500000 3.275410
10.600000 6.248529
