0.000000 0.000000
1.000000 0.158860
2.000000 0.160987
3.000000 0.163181
4.000000 0.165448
5.000000 0.167790
6.000000 0.170212
7.000000 0.172719
8.000000 0.175316
9.000000 0.178008
10.000000 0.180803
11.000000 0.183705
12.000000 0.186724
13.000000 0.189866
14.000000 0.193142
15.000000 0.196560
16.000000 0.200133
17.000000 0.203872
18.000000 0.207792
19.000000 0.211908
20.000000 0.216237
21.000000 0.220799
22.000000 0.225618
23.000000 0.230720
24.000000 0.236133
25.000000 0.241894
26.000000 0.248042
27.000000 0.254626
28.000000 0.261702
29.000000 0.269336
30.000000 0.277610
31.000000 0.286623
32.000000 0.296497
33.000000 0.307383
34.000000 0.319473
35.000000 0.333014
36.000000 0.348330
37.000000 0.365855
38.000000 0.386187
39.000000 0.410174
40.000000 0.439066
41.000000 0.474796
42.000000 0.520545
43.000000 0.581997
44.000000 0.670579
45.000000 0.813852
46.000000 1.103473
47.000000 2.210007
