0.000000 0.000000
1.000000 0.090674
2.000000 0.091781
3.000000 0.092920
4.000000 0.094093
5.000000 0.095301
6.000000 0.096546
7.000000 0.097831
8.000000 0.099157
9.000000 0.100527
10.000000 0.101944
11.000000 0.103409
12.000000 0.104926
13.000000 0.106499
14.000000 0.108130
15.000000 0.109824
16.000000 0.111585
17.000000 0.113417
18.000000 0.115326
19.000000 0.117318
20.000000 0.119398
21.000000 0.121575
22.000000 0.123855
23.000000 0.126248
24.000000 0.128763
25.000000 0.131413
26.000000 0.134210
27.000000 0.137168
28.000000 0.140305
29.000000 0.143640
30.000000 0.147197
31.000000 0.151001
32.000000 0.155085
33.000000 0.159486
34.000000 0.164248
35.000000 0.169427
36.000000 0.175089
37.000000 0.181317
38.000000 0.188215
39.000000 0.195917
40.000000 0.204594
41.000000 0.214477
42.000000 0.225877
43.000000 0.239230
44.000000 0.255166
45.000000 0.274641
46.000000 0.299178
47.000000 0.331395
48.000000 0.376260
49.000000 0.444714
50.000000 0.567449
51.000000 0.884562
52.000000 9.715375
