0.000000 0.000000
0.100000 0.227555
0.200000 0.229148
0.300000 0.230769
0.400000 0.232417
0.500000 0.234093
0.600000 0.235800
0.700000 0.237537
0.800000 0.239305
0.900000 0.241106
1.000000 0.242940
1.100000 0.244809
1.200000 0.246714
1.300000 0.248655
1.400000 0.250635
1.500000 0.252655
1.600000 0.254715
1.700000 0.256818
1.800000 0.258966
1.900000 0.261159
2.000000 0.263400
2.100000 0.265690
2.200000 0.268033
2.300000 0.270429
2.400000 0.272881
2.500000 0.275392
2.600000 0.277964
2.700000 0.280601
2.800000 0.283305
2.900000 0.286080
3.000000 0.288930
3.100000 0.291858
3.200000 0.294869
3.300000 0.297967
3.400000 0.301159
3.500000 0.304450
3.600000 0.307846
3.700000 0.311354
3.800000 0.314983
3.900000 0.318742
4.000000 0.322642
4.100000 0.326693
4.200000 0.330910
4.300000 0.335308
4.400000 0.339907
4.500000 0.344727
4.600000 0.349795
4.700000 0.355141
4.800000 0.360805
4.900000 0.366833
5.000000 0.373284
5.100000 0.380234
5.200000 0.387781
5.300000 0.396056
5.400000 0.405239
5.500000 0.415581
5.600000 0.427448
5.700000 0.441397
5.800000 0.458319
5.900000 0.479739
6.000000 0.508506
6.100000 0.550641
6.200000 0.621475
6.300000 0.775039
6.400000 1.435803
