0.000000 0.000000
0.100000 0.627718
0.200000 0.633798
0.300000 0.640019
0.400000 0.646386
0.500000 0.652906
0.600000 0.659584
0.700000 0.666427
0.800000 0.673442
0.900000 0.680635
1.000000 0.688014
1.100000 0.695588
1.200000 0.703364
1.300000 0.711353
1.400000 0.719562
1.500000 0.728004
1.600000 0.736688
1.700000 0.745626
1.800000 0.754831
1.900000 0.764316
2.000000 0.774095
2.100000 0.784183
2.200000 0.794597
2.300000 0.805355
2.400000 0.816475
2.500000 0.827978
2.600000 0.839886
2.700000 0.852222
2.800000 0.865013
2.900000 0.878287
3.000000 0.892074
3.100000 0.906408
3.200000 0.921325
3.300000 0.936865
3.400000 0.953071
3.500000 0.969992
3.600000 0.987680
3.700000 1.006195
3.800000 1.025601
3.900000 1.045972
4.000000 1.067386
4.100000 1.089936
4.200000 1.113722
4.300000 1.138860
4.400000 1.165479
4.500000 1.193727
4.600000 1.223775
4.700000 1.255816
4.800000 1.290075
4.900000 1.326815
5.000000 1.366343
5.100000 1.409021
5.200000 1.455280
5.300000 1.505638
5.400000 1.560720
5.500000 1.621297
5.600000 1.688322
5.700000 1.762995
5.800000 1.846853
5.900000 1.941895
6.000000 2.050784
6.100000 2.177152
6.200000 2.326103
6.300000 2.505081
6.400000 2.725422
6.500000 3.005396
6.600000 3.376653
6.700000 3.899686
6.800000 4.707544
6.900000 6.165023
7.000000 9.782134
7.100000 39.849632
