0.000000 0.000000
0.100000 0.417886
0.200000 0.421321
0.300000 0.424824
0.400000 0.428397
0.500000 0.432041
0.600000 0.435760
0.700000 0.439556
0.800000 0.443432
0.900000 0.447389
1.000000 0.451433
1.100000 0.455564
1.200000 0.459787
1.300000 0.464105
1.400000 0.468521
1.500000 0.473039
1.600000 0.477663
1.700000 0.482398
1.800000 0.487247
1.900000 0.492216
2.000000 0.497308
2.100000 0.502530
2.200000 0.507886
2.300000 0.513383
2.400000 0.519026
2.500000 0.524823
2.600000 0.530779
2.700000 0.536903
2.800000 0.543203
2.900000 0.549686
3.000000 0.556361
3.100000 0.563239
3.200000 0.570329
3.300000 0.577643
3.400000 0.585191
3.500000 0.592987
3.600000 0.601045
3.700000 0.609378
3.800000 0.618004
3.900000 0.626938
4.000000 0.636199
4.100000 0.645808
4.200000 0.655787
4.300000 0.666158
4.400000 0.676949
4.500000 0.688187
4.600000 0.699904
4.700000 0.712134
4.800000 0.724914
4.900000 0.738287
5.000000 0.752298
5.100000 0.766999
5.200000 0.782448
5.300000 0.798707
5.400000 0.815850
5.500000 0.833956
5.600000 0.853119
5.700000 0.873441
5.800000 0.895043
5.900000 0.918060
6.000000 0.942651
6.100000 0.968998
6.200000 0.997317
6.300000 1.027860
6.400000 1.060926
6.500000 1.096874
6.600000 1.136138
6.700000 1.179247
6.800000 1.226857
6.900000 1.279790
7.000000 1.339091
7.100000 1.406116
7.200000 1.482656
7.300000 1.571139
7.400000 1.674945
7.500000 1.798941
7.600000 1.950435
7.700000 2.140966
7.800000 2.389993
7.900000 2.733292
8.000000 3.245088
8.100000 4.110015
8.200000 5.955155
8.300000 13.207800
