0.000000 0.000000
0.100000 1.257156
0.200000 1.271121
0.300000 1.285459
0.400000 1.300186
0.500000 1.315320
0.600000 1.330879
0.700000 1.346884
0.800000 1.363355
0.900000 1.380316
1.000000 1.397791
1.100000 1.415805
1.200000 1.434387
1.300000 1.453566
1.400000 1.473375
1.500000 1.493848
1.600000 1.515023
1.700000 1.536939
1.800000 1.559641
1.900000 1.583175
2.000000 1.607593
2.100000 1.632950
2.200000 1.659308
2.300000 1.686731
2.400000 1.715294
2.500000 1.745075
2.600000 1.776162
2.700000 1.808651
2.800000 1.842650
2.900000 1.878276
3.000000 1.915660
3.100000 1.954950
3.200000 1.996310
3.300000 2.039924
3.400000 2.085999
3.500000 2.134772
3.600000 2.186511
3.700000 2.241522
3.800000 2.300157
3.900000 2.362822
4.000000 2.429991
4.100000 2.502216
4.200000 2.580150
4.300000 2.664568
4.400000 2.756397
4.500000 2.856760
4.600000 2.967033
4.700000 3.088917
4.800000 3.224546
4.900000 3.376643
5.000000 3.548743
5.100000 3.745530
5.200000 3.973363
5.300000 4.241136
5.400000 4.561726
5.500000 4.954601
5.600000 5.450844
5.700000 6.103708
5.800000 7.013533
5.900000 8.396849
6.000000 10.830507
6.100000 16.572941
6.200000 53.113119
