0.000000 0.000000
1.000000 0.016509
2.000000 0.016623
3.000000 0.016739
4.000000 0.016857
5.000000 0.016977
6.000000 0.017099
7.000000 0.017223
8.000000 0.017349
9.000000 0.017477
10.000000 0.017608
11.000000 0.017741
12.000000 0.017876
13.000000 0.018014
14.000000 0.018154
15.000000 0.018297
16.000000 0.018443
17.000000 0.018592
18.000000 0.018743
19.000000 0.018898
20.000000 0.019056
21.000000 0.019217
22.000000 0.019381
23.000000 0.019549
24.000000 0.019721
25.000000 0.019896
26.000000 0.020076
27.000000 0.020259
28.000000 0.020447
29.000000 0.020639
30.000000 0.020836
31.000000 0.021038
32.000000 0.021245
33.000000 0.021458
34.000000 0.021675
35.000000 0.021899
36.000000 0.022129
37.000000 0.022366
38.000000 0.022609
39.000000 0.022860
40.000000 0.023118
41.000000 0.023384
42.000000 0.023659
43.000000 0.023943
44.000000 0.024236
45.000000 0.024540
46.000000 0.024855
47.000000 0.025182
48.000000 0.025521
49.000000 0.025873
50.000000 0.026241
51.000000 0.026624
52.000000 0.027024
53.000000 0.027443
54.000000 0.027881
55.000000 0.028342
56.000000 0.028828
57.000000 0.029340
58.000000 0.029881
59.000000 0.030456
60.000000 0.031067
61.000000 0.031720
62.000000 0.032419
63.000000 0.033171
64.000000 0.033985
65.000000 0.034868
66.000000 0.035834
67.000000 0.036896
68.000000 0.038071
69.000000 0.039385
70.000000 0.040865
71.000000 0.042554
72.000000 0.044504
73.000000 0.046792
74.000000 0.049527
75.000000 0.052875
76.000000 0.057094
77.000000 0.062627
78.000000 0.070289
79.000000 0.081805
80.000000 0.101713
81.000000 0.148167
82.000000 0.567374
