0.000000 0.000000
1.000000 0.067955
2.000000 0.068731
3.000000 0.069528
4.000000 0.070347
5.000000 0.071190
6.000000 0.072056
7.000000 0.072948
8.000000 0.073867
9.000000 0.074813
10.000000 0.075790
11.000000 0.076797
12.000000 0.077837
13.000000 0.078912
14.000000 0.080024
15.000000 0.081175
16.000000 0.082368
17.000000 0.083604
18.000000 0.084888
19.000000 0.086222
20.000000 0.087609
21.000000 0.089054
22.000000 0.090560
23.000000 0.092133
24.000000 0.093777
25.000000 0.095499
26.000000 0.097305
27.000000 0.099203
28.000000 0.101200
29.000000 0.103306
30.000000 0.105533
31.000000 0.107892
32.000000 0.110398
33.000000 0.113067
34.000000 0.115919
35.000000 0.118976
36.000000 0.122266
37.000000 0.125820
38.000000 0.129678
39.000000 0.133887
40.000000 0.138506
41.000000 0.143608
42.000000 0.149284
43.000000 0.155655
44.000000 0.162878
45.000000 0.171162
46.000000 0.180798
47.000000 0.192201
48.000000 0.205981
49.000000 0.223091
50.000000 0.245109
51.000000 0.274886
52.000000 0.318242
53.000000 0.389546
54.000000 0.538564
55.000000 1.172922
