0.000000 0.000000
1.000000 0.181592
2.000000 0.184063
3.000000 0.186615
4.000000 0.189251
5.000000 0.191976
6.000000 0.194797
7.000000 0.197718
8.000000 0.200746
9.000000 0.203887
10.000000 0.207150
11.000000 0.210541
12.000000 0.214071
13.000000 0.217750
14.000000 0.221587
15.000000 0.225596
16.000000 0.229790
17.000000 0.234185
18.000000 0.238797
19.000000 0.243645
20.000000 0.248753
21.000000 0.254144
22.000000 0.259847
23.000000 0.265895
24.000000 0.272326
25.000000 0.279183
26.000000 0.286519
27.000000 0.294394
28.000000 0.302881
29.000000 0.312068
30.000000 0.322061
31.000000 0.332989
32.000000 0.345016
33.000000 0.358344
34.000000 0.373236
35.000000 0.390033
36.000000 0.409189
37.000000 0.431324
38.000000 0.457314
39.000000 0.488432
40.000000 0.526623
41.000000 0.575029
42.000000 0.639134
43.000000 0.729578
44.000000 0.870622
45.000000 1.134899
46.000000 1.914563
