0.000000 0.000000
0.100000 0.627398
0.200000 0.633143
0.300000 0.639014
0.400000 0.645015
0.500000 0.651152
0.600000 0.657430
0.700000 0.663853
0.800000 0.670428
0.900000 0.677160
1.000000 0.684055
1.100000 0.691121
1.200000 0.698364
1.300000 0.705791
1.400000 0.713411
1.500000 0.721232
1.600000 0.729262
1.700000 0.737511
1.800000 0.745989
1.900000 0.754706
2.000000 0.763674
2.100000 0.772905
2.200000 0.782412
2.300000 0.792207
2.400000 0.802307
2.500000 0.812727
2.600000 0.823484
2.700000 0.834595
2.800000 0.846081
2.900000 0.857963
3.000000 0.870263
3.100000 0.883007
3.200000 0.896221
3.300000 0.909934
3.400000 0.924177
3.500000 0.938986
3.600000 0.954398
3.700000 0.970453
3.800000 0.987198
3.900000 1.004682
4.000000 1.022960
4.100000 1.042092
4.200000 1.062147
4.300000 1.083198
4.400000 1.105329
4.500000 1.128635
4.600000 1.153219
4.700000 1.179201
4.800000 1.206716
4.900000 1.235916
5.000000 1.266977
5.100000 1.300100
5.200000 1.335519
5.300000 1.373504
5.400000 1.414374
5.500000 1.458504
5.600000 1.506339
5.700000 1.558417
5.800000 1.615386
5.900000 1.678045
6.000000 1.747381
6.100000 1.824640
6.200000 1.911416
6.300000 2.009786
6.400000 2.122514
6.500000 2.253377
6.600000 2.407683
6.700000 2.593178
6.800000 2.821666
6.900000 3.112175
7.000000 3.497679
7.100000 4.041176
7.200000 4.881055
7.300000 6.395565
7.400000 10.137740
7.500000 39.849632
