0.000000 0.000000
0.100000 0.313193
0.200000 0.315539
0.300000 0.317928
0.400000 0.320360
0.500000 0.322836
0.600000 0.325358
0.700000 0.327927
0.800000 0.330545
0.900000 0.333214
1.000000 0.335934
1.100000 0.338708
1.200000 0.341537
1.300000 0.344423
1.400000 0.347368
1.500000 0.350375
1.600000 0.353444
1.700000 0.356579
1.800000 0.359781
1.900000 0.363054
2.000000 0.366399
2.100000 0.369819
2.200000 0.373318
2.300000 0.376897
2.400000 0.380561
2.500000 0.384312
2.600000 0.388155
2.700000 0.392092
2.800000 0.396127
2.900000 0.400265
3.000000 0.404510
3.100000 0.408867
3.200000 0.413340
3.300000 0.417935
3.400000 0.422657
3.500000 0.427512
3.600000 0.432507
3.700000 0.437647
3.800000 0.442941
3.900000 0.448395
4.000000 0.454018
4.100000 0.459819
4.200000 0.465806
4.300000 0.471991
4.400000 0.478384
4.500000 0.484996
4.600000 0.491840
4.700000 0.498930
4.800000 0.506281
4.900000 0.513908
5.000000 0.521829
5.100000 0.530063
5.200000 0.538631
5.300000 0.547555
5.400000 0.556861
5.500000 0.566575
5.600000 0.576728
5.700000 0.587353
5.800000 0.598487
5.900000 0.610171
6.000000 0.622450
6.100000 0.635377
6.200000 0.649008
6.300000 0.663408
6.400000 0.678650
6.500000 0.694819
6.600000 0.712010
6.700000 0.730331
6.800000 0.749911
6.900000 0.770895
7.000000 0.793456
7.100000 0.817798
7.200000 0.844161
7.300000 0.872834
7.400000 0.904167
7.500000 0.938588
7.600000 0.976627
7.700000 1.018950
7.800000 1.066405
7.900000 1.120094
8.000000 1.181479
8.100000 1.252540
8.200000 1.336048
8.300000 1.436000
8.400000 1.558422
8.500000 1.712861
8.600000 1.915489
8.700000 2.196193
8.800000 2.617378
8.900000 3.335657
9.000000 4.891067
9.100000 11.269286
