0.000000 0.000000
1.000000 0.031625
2.000000 0.031882
3.000000 0.032143
4.000000 0.032409
5.000000 0.032680
6.000000 0.032955
7.000000 0.033236
8.000000 0.033522
9.000000 0.033814
10.000000 0.034111
11.000000 0.034414
12.000000 0.034723
13.000000 0.035038
14.000000 0.035360
15.000000 0.035688
16.000000 0.036023
17.000000 0.036365
18.000000 0.036714
19.000000 0.037071
20.000000 0.037436
21.000000 0.037808
22.000000 0.038190
23.000000 0.038580
24.000000 0.038979
25.000000 0.039387
26.000000 0.039805
27.000000 0.040234
28.000000 0.040673
29.000000 0.041123
30.000000 0.041585
31.000000 0.042058
32.000000 0.042544
33.000000 0.043044
34.000000 0.043557
35.000000 0.044084
36.000000 0.044627
37.000000 0.045185
38.000000 0.045760
39.000000 0.046352
40.000000 0.046962
41.000000 0.047592
42.000000 0.048242
43.000000 0.048913
44.000000 0.049607
45.000000 0.050326
46.000000 0.051069
47.000000 0.051839
48.000000 0.052638
49.000000 0.053468
50.000000 0.054330
51.000000 0.055227
52.000000 0.056161
53.000000 0.057135
54.000000 0.058151
55.000000 0.059214
56.000000 0.060327
57.000000 0.061494
58.000000 0.062719
59.000000 0.064008
60.000000 0.065367
61.000000 0.066802
62.000000 0.068320
63.000000 0.069932
64.000000 0.071646
65.000000 0.073474
66.000000 0.075431
67.000000 0.077531
68.000000 0.079794
69.000000 0.082243
70.000000 0.084905
71.000000 0.087815
72.000000 0.091012
73.000000 0.094551
74.000000 0.098496
75.000000 0.102934
76.000000 0.107978
77.000000 0.113783
78.000000 0.120564
79.000000 0.128630
80.000000 0.138445
81.000000 0.150746
82.000000 0.166773
83.000000 0.188811
84.000000 0.221606
85.000000 0.276979
86.000000 0.395154
87.000000 0.861325
