0.000000 0.000000
0.100000 0.218025
0.200000 0.219448
0.300000 0.220893
0.400000 0.222361
0.500000 0.223851
0.600000 0.225364
0.700000 0.226902
0.800000 0.228465
0.900000 0.230052
1.000000 0.231666
1.100000 0.233307
1.200000 0.234975
1.300000 0.236671
1.400000 0.238396
1.500000 0.240151
1.600000 0.241937
1.700000 0.243754
1.800000 0.245603
1.900000 0.247486
2.000000 0.249404
2.100000 0.251357
2.200000 0.253346
2.300000 0.255373
2.400000 0.257438
2.500000 0.259544
2.600000 0.261691
2.700000 0.263881
2.800000 0.266114
2.900000 0.268393
3.000000 0.270719
3.100000 0.273094
3.200000 0.275518
3.300000 0.277995
3.400000 0.280526
3.500000 0.283112
3.600000 0.285757
3.700000 0.288461
3.800000 0.291227
3.900000 0.294058
4.000000 0.296956
4.100000 0.299924
4.200000 0.302964
4.300000 0.306079
4.400000 0.309273
4.500000 0.312549
4.600000 0.315910
4.700000 0.319360
4.800000 0.322902
4.900000 0.326541
5.000000 0.330282
5.100000 0.334129
5.200000 0.338087
5.300000 0.342161
5.400000 0.346357
5.500000 0.350681
5.600000 0.355139
5.700000 0.359740
5.800000 0.364489
5.900000 0.369395
6.000000 0.374467
6.100000 0.379715
6.200000 0.385147
6.300000 0.390776
6.400000 0.396612
6.500000 0.402670
6.600000 0.408962
6.700000 0.415505
6.800000 0.422314
6.900000 0.429408
7.000000 0.436808
7.100000 0.444535
7.200000 0.452613
7.300000 0.461070
7.400000 0.469936
7.500000 0.479244
7.600000 0.489031
7.700000 0.499339
7.800000 0.510215
7.900000 0.521713
8.000000 0.533893
8.100000 0.546824
8.200000 0.560585
8.300000 0.575268
8.400000 0.590979
8.500000 0.607841
8.600000 0.626000
8.700000 0.645630
8.800000 0.666937
8.900000 0.690170
9.000000 0.715636
9.100000 0.743711
9.200000 0.774868
9.300000 0.809706
9.400000 0.849003
9.500000 0.893785
9.600000 0.945436
9.700000 1.005882
9.800000 1.077881
9.900000 1.165547
10.000000 1.275323
10.100000 1.417934
10.200000 1.612734
10.300000 1.898727
10.400000 2.368399
10.500000 3.308510
10.600000 6.282977
