0.000000 0.000000
0.100000 0.251737
0.200000 0.254154
0.300000 0.256661
0.400000 0.259264
0.500000 0.261975
0.600000 0.264803
0.700000 0.267764
0.800000 0.270871
0.900000 0.274145
1.000000 0.277608
1.100000 0.281287
1.200000 0.285217
1.300000 0.289440
1.400000 0.294011
1.500000 0.298999
1.600000 0.304494
1.700000 0.310621
1.800000 0.317545
1.900000 0.325503
2.000000 0.334840
2.100000 0.346077
2.200000 0.360048
2.300000 0.378169
2.400000 0.403061
2.500000 0.440174
2.600000 0.503018
2.700000 0.636816
2.800000 1.143853
