0.000000 0.000000
0.100000 0.175578
0.200000 0.176161
0.300000 0.176747
0.400000 0.177337
0.500000 0.177932
0.600000 0.178530
0.700000 0.179133
0.800000 0.179740
0.900000 0.180352
1.000000 0.180967
1.100000 0.181587
1.200000 0.182212
1.300000 0.182840
1.400000 0.183474
1.500000 0.184112
1.600000 0.184754
1.700000 0.185402
1.800000 0.186054
1.900000 0.186710
2.000000 0.187372
2.100000 0.188038
2.200000 0.188710
2.300000 0.189386
2.400000 0.190067
2.500000 0.190754
2.600000 0.191446
2.700000 0.192143
2.800000 0.192845
2.900000 0.193553
3.000000 0.194266
3.100000 0.194984
3.200000 0.195708
3.300000 0.196438
3.400000 0.197173
3.500000 0.197915
3.600000 0.198662
3.700000 0.199415
3.800000 0.200173
3.900000 0.200938
4.000000 0.201709
4.100000 0.202487
4.200000 0.203270
4.300000 0.204060
4.400000 0.204856
4.500000 0.205659
4.600000 0.206469
4.700000 0.207285
4.800000 0.208108
4.900000 0.208938
5.000000 0.209774
5.100000 0.210618
5.200000 0.211469
5.300000 0.212327
5.400000 0.213193
5.500000 0.214066
5.600000 0.214946
5.700000 0.215835
5.800000 0.216730
5.900000 0.217634
6.000000 0.218546
6.100000 0.219465
6.200000 0.220393
6.300000 0.221330
6.400000 0.222274
6.500000 0.223227
6.600000 0.224189
6.700000 0.225160
6.800000 0.226139
6.900000 0.227128
7.000000 0.228125
7.100000 0.229132
7.200000 0.230149
7.300000 0.231174
7.400000 0.232210
7.500000 0.233256
7.600000 0.234311
7.700000 0.235377
7.800000 0.236453
7.900000 0.237539
8.000000 0.238636
8.100000 0.239744
8.200000 0.240863
8.300000 0.241993
8.400000 0.243134
8.500000 0.244287
8.600000 0.245452
8.700000 0.246628
8.800000 0.247817
8.900000 0.249017
9.000000 0.250230
9.100000 0.251456
9.200000 0.252695
9.300000 0.253947
9.400000 0.255212
9.500000 0.256491
9.600000 0.257783
9.700000 0.259089
9.800000 0.260410
9.900000 0.261745
10.000000 0.263095
10.100000 0.264460
10.200000 0.265840
10.300000 0.267236
10.400000 0.268648
10.500000 0.270076
10.600000 0.271520
10.700000 0.272981
10.800000 0.274459
10.900000 0.275954
11.000000 0.277468
11.100000 0.278999
11.200000 0.280548
11.300000 0.282116
11.400000 0.283704
11.500000 0.285311
11.600000 0.286937
11.700000 0.288584
11.800000 0.290252
11.900000 0.291941
12.000000 0.293651
12.100000 0.295383
12.200000 0.297138
12.300000 0.298915
12.400000 0.300716
12.500000 0.302541
12.600000 0.304390
12.700000 0.306264
12.800000 0.308164
12.900000 0.310090
13.000000 0.312042
13.100000 0.314022
13.200000 0.316029
13.300000 0.318065
13.400000 0.320130
13.500000 0.322225
13.600000 0.324350
13.700000 0.326507
13.800000 0.328696
13.900000 0.330918
14.000000 0.333173
14.100000 0.335463
14.200000 0.337788
14.300000 0.340149
14.400000 0.342548
14.500000 0.344985
14.600000 0.347461
14.700000 0.349977
14.800000 0.352534
14.900000 0.355134
15.000000 0.357778
15.100000 0.360466
15.200000 0.363200
15.300000 0.365982
15.400000 0.368813
15.500000 0.371694
15.600000 0.374626
15.700000 0.377612
15.800000 0.380652
15.900000 0.383749
16.000000 0.386905
16.100000 0.390120
16.200000 0.393398
16.300000 0.396740
16.400000 0.400148
16.500000 0.403625
16.600000 0.407172
16.700000 0.410793
16.800000 0.414490
16.900000 0.418265
17.000000 0.422121
17.100000 0.426062
17.200000 0.430091
17.300000 0.434210
17.400000 0.438423
17.500000 0.442735
17.600000 0.447149
17.700000 0.451668
17.800000 0.456298
17.900000 0.461044
18.000000 0.465909
18.100000 0.470900
18.200000 0.476021
18.300000 0.481280
18.400000 0.486681
18.500000 0.492233
18.600000 0.497941
18.700000 0.503815
18.800000 0.509862
18.900000 0.516090
19.000000 0.522511
19.100000 0.529133
19.200000 0.535969
19.300000 0.543029
19.400000 0.550328
19.500000 0.557878
19.600000 0.565697
19.700000 0.573799
19.800000 0.582203
19.900000 0.590930
20.000000 0.600000
20.100000 0.609438
20.200000 0.619270
20.300000 0.629525
20.400000 0.640235
20.500000 0.651436
20.600000 0.663168
20.700000 0.675474
20.800000 0.688406
20.900000 0.702018
21.000000 0.716374
21.100000 0.731547
21.200000 0.747617
21.300000 0.764679
21.400000 0.782840
21.500000 0.802226
21.600000 0.822981
21.700000 0.845277
21.800000 0.869314
21.900000 0.895330
22.000000 0.923611
22.100000 0.954503
22.200000 0.988428
22.300000 1.025905
22.400000 1.067584
22.500000 1.114286
22.600000 1.167066
22.700000 1.227303
22.800000 1.296835
22.900000 1.378163
23.000000 1.474790
23.100000 1.591773
23.200000 1.736695
23.300000 1.921466
23.400000 2.165936
23.500000 2.505828
23.600000 3.012576
23.700000 3.852858
23.800000 5.526683
23.900000 10.534060
24.000000 NaN
