0.000000 0.000000
1.000000 0.113400
2.000000 0.114844
3.000000 0.116331
4.000000 0.117865
5.000000 0.119447
6.000000 0.121080
7.000000 0.122767
8.000000 0.124511
9.000000 0.126316
10.000000 0.128185
11.000000 0.130122
12.000000 0.132132
13.000000 0.134218
14.000000 0.136388
15.000000 0.138645
16.000000 0.140998
17.000000 0.143451
18.000000 0.146015
19.000000 0.148697
20.000000 0.151506
21.000000 0.154455
22.000000 0.157555
23.000000 0.160820
24.000000 0.164266
25.000000 0.167912
26.000000 0.171778
27.000000 0.175888
28.000000 0.180271
29.000000 0.184960
30.000000 0.189993
31.000000 0.195417
32.000000 0.201288
33.000000 0.207673
34.000000 0.214654
35.000000 0.222334
36.000000 0.230844
37.000000 0.240347
38.000000 0.251059
39.000000 0.263265
40.000000 0.277356
41.000000 0.293876
42.000000 0.313618
43.000000 0.337785
44.000000 0.368306
45.000000 0.408515
46.000000 0.464797
47.000000 0.551400
48.000000 0.709312
49.000000 1.137596
