0.000000 0.000000
1.000000 0.015812
2.000000 0.015920
3.000000 0.016030
4.000000 0.016141
5.000000 0.016254
6.000000 0.016369
7.000000 0.016486
8.000000 0.016604
9.000000 0.016725
10.000000 0.016848
11.000000 0.016973
12.000000 0.017100
13.000000 0.017230
14.000000 0.017362
15.000000 0.017496
16.000000 0.017633
17.000000 0.017773
18.000000 0.017915
19.000000 0.018060
20.000000 0.018207
21.000000 0.018358
22.000000 0.018512
23.000000 0.018669
24.000000 0.018829
25.000000 0.018993
26.000000 0.019160
27.000000 0.019331
28.000000 0.019506
29.000000 0.019685
30.000000 0.019868
31.000000 0.020056
32.000000 0.020248
33.000000 0.020445
34.000000 0.020647
35.000000 0.020854
36.000000 0.021067
37.000000 0.021286
38.000000 0.021510
39.000000 0.021741
40.000000 0.021979
41.000000 0.022225
42.000000 0.022477
43.000000 0.022738
44.000000 0.023007
45.000000 0.023286
46.000000 0.023574
47.000000 0.023873
48.000000 0.024182
49.000000 0.024504
50.000000 0.024839
51.000000 0.025187
52.000000 0.025550
53.000000 0.025930
54.000000 0.026327
55.000000 0.026744
56.000000 0.027182
57.000000 0.027644
58.000000 0.028132
59.000000 0.028648
60.000000 0.029197
61.000000 0.029781
62.000000 0.030407
63.000000 0.031079
64.000000 0.031805
65.000000 0.032592
66.000000 0.033451
67.000000 0.034394
68.000000 0.035438
69.000000 0.036603
70.000000 0.037916
71.000000 0.039412
72.000000 0.041140
73.000000 0.043168
74.000000 0.045595
75.000000 0.048570
76.000000 0.052330
77.000000 0.057277
78.000000 0.064161
79.000000 0.074582
80.000000 0.092783
81.000000 0.136209
82.000000 0.665787
