0.000000 0.000000
0.100000 0.237166
0.200000 0.239017
0.300000 0.240909
0.400000 0.242844
0.500000 0.244823
0.600000 0.246850
0.700000 0.248926
0.800000 0.251054
0.900000 0.253238
1.000000 0.255479
1.100000 0.257783
1.200000 0.260153
1.300000 0.262594
1.400000 0.265110
1.500000 0.267708
1.600000 0.270393
1.700000 0.273172
1.800000 0.276055
1.900000 0.279051
2.000000 0.282170
2.100000 0.285426
2.200000 0.288834
2.300000 0.292411
2.400000 0.296181
2.500000 0.300168
2.600000 0.304406
2.700000 0.308934
2.800000 0.313801
2.900000 0.319074
3.000000 0.324834
3.100000 0.331193
3.200000 0.338300
3.300000 0.346365
3.400000 0.355689
3.500000 0.366722
3.600000 0.380166
3.700000 0.397189
3.800000 0.419878
3.900000 0.452378
4.000000 0.504259
4.100000 0.603703
4.200000 0.885684
4.300000 11.203078
