0.000000 0.000000
1.000000 0.045247
2.000000 0.045704
3.000000 0.046173
4.000000 0.046654
5.000000 0.047146
6.000000 0.047650
7.000000 0.048168
8.000000 0.048699
9.000000 0.049244
10.000000 0.049804
11.000000 0.050380
12.000000 0.050972
13.000000 0.051581
14.000000 0.052207
15.000000 0.052853
16.000000 0.053518
17.000000 0.054204
18.000000 0.054912
19.000000 0.055643
20.000000 0.056399
21.000000 0.057181
22.000000 0.057990
23.000000 0.058829
24.000000 0.059699
25.000000 0.060602
26.000000 0.061541
27.000000 0.062518
28.000000 0.063536
29.000000 0.064598
30.000000 0.065706
31.000000 0.066866
32.000000 0.068081
33.000000 0.069356
34.000000 0.070697
35.000000 0.072109
36.000000 0.073598
37.000000 0.075174
38.000000 0.076845
39.000000 0.078622
40.000000 0.080515
41.000000 0.082540
42.000000 0.084713
43.000000 0.087054
44.000000 0.089586
45.000000 0.092337
46.000000 0.095343
47.000000 0.098645
48.000000 0.102297
49.000000 0.106367
50.000000 0.110942
51.000000 0.116138
52.000000 0.122108
53.000000 0.129067
54.000000 0.137320
55.000000 0.147323
56.000000 0.159783
57.000000 0.175888
58.000000 0.197798
59.000000 0.229987
60.000000 0.283725
61.000000 0.399438
62.000000 0.946082
