0.000000 0.000000 
1.000000 0.448662 
2.000000 0.490566 
3.000000 0.543660 
4.000000 0.612274 
5.000000 0.708481 
6.000000 0.855308 
7.000000 1.111926 
8.000000 1.751046 
9.000000 92.274845 
10.000000 1402.638451 
11.000000 2348.821930 
12.000000 3077.609407 
13.000000 3586.322651 
14.000000 3964.366488 
15.000000 4259.501618 
16.000000 4384.115127 
17.000000 4646.065042 
18.000000 4714.632450 
19.000000 4875.170016 
20.000000 4959.925384 
21.000000 5067.154353 
22.000000 5091.890486 
23.000000 4850.499508 
24.000000 5117.313891 
25.000000 5141.823221 
