0.000000 0.000000 
2.000000 0.036868 
4.000000 556.457032 
6.000000 440.393392 
8.000000 311.346898 
10.000000 225.343192 
12.000000 168.359910 
14.000000 130.491646 
16.000000 103.558701 
18.000000 84.135828 
20.000000 69.402033 
22.000000 58.416494 
24.000000 49.655219 
26.000000 43.232631 
28.000000 37.259246 
30.000000 32.898222 
32.000000 28.911536 
34.000000 25.791035 
36.000000 23.252178 
38.000000 20.872883 
40.000000 18.861222 
42.000000 17.136873 
44.000000 15.644471 
46.000000 14.345623 
48.000000 13.335288 
50.000000 12.220363 
52.000000 11.339384 
54.000000 10.501715 
56.000000 9.805610 
58.000000 9.152697 
60.000000 8.598176 
62.000000 8.018705 
64.000000 7.597933 
66.000000 7.104798 
68.000000 6.748515 
70.000000 6.359374 
72.000000 5.987861 
74.000000 5.725239 
76.000000 5.382736 
78.000000 5.146073 
80.000000 4.850908 
82.000000 4.682539 
84.000000 4.437229 
86.000000 4.274049 
88.000000 4.071886 
90.000000 3.911920 
92.000000 3.714829 
94.000000 3.580306 
96.000000 3.447714 
98.000000 3.323307 
100.000000 3.193842 
