0.000000 0.000000 
0.200000 0.214802 
0.400000 0.217619 
0.600000 0.220585 
0.800000 0.223533 
1.000000 0.226480 
1.200000 0.229725 
1.400000 0.232905 
1.600000 0.236446 
1.800000 0.239893 
2.000000 0.243792 
2.200000 0.247439 
2.400000 0.251399 
2.600000 0.255368 
2.800000 0.259726 
3.000000 0.264215 
3.200000 0.268701 
3.400000 0.273923 
3.600000 0.278573 
3.800000 0.283957 
4.000000 0.289504 
4.200000 0.295351 
4.400000 0.301378 
4.600000 0.307302 
4.800000 0.314413 
5.000000 0.321548 
5.200000 0.329159 
5.400000 0.336868 
5.600000 0.344945 
5.800000 0.354456 
6.000000 0.363991 
6.200000 0.374019 
6.400000 0.385380 
6.600000 0.396716 
6.800000 0.410129 
7.000000 0.424593 
7.200000 0.438824 
7.400000 0.454976 
7.600000 0.474280 
7.800000 0.495327 
8.000000 0.518812 
8.200000 0.544228 
8.400000 0.573525 
8.600000 0.609427 
8.800000 0.646278 
9.000000 0.695741 
9.200000 0.752753 
9.400000 0.825419 
9.600000 0.921485 
9.800000 1.062857 
10.000000 1.245512 
10.200000 1.607863 
10.400000 2.418953 
10.600000 6.917733 
10.800000 119.527731 
11.000000 276.967696 
11.200000 448.855692 
11.400000 616.427673 
11.600000 758.426692 
11.800000 890.221806 
