0.000000 0.000000 
1.000000 0.444572 
2.000000 0.480270 
3.000000 0.523694 
4.000000 0.578837 
5.000000 0.650439 
6.000000 0.748380 
7.000000 0.897501 
8.000000 1.152962 
9.000000 1.756242 
10.000000 12.535847 
11.000000 1171.201448 
12.000000 2126.203708 
13.000000 2849.995653 
14.000000 3373.223823 
15.000000 3829.655747 
16.000000 4089.469225 
17.000000 4236.274713 
18.000000 4506.495367 
19.000000 4640.473072 
20.000000 4762.115990 
21.000000 4882.967416 
22.000000 4910.279781 
23.000000 4949.354898 
24.000000 5034.650256 
25.000000 5049.374722 
