0.000000 0.000000 
0.200000 1.271062 
0.400000 1.300582 
0.600000 1.330908 
0.800000 1.363190 
1.000000 1.397679 
1.200000 1.434702 
1.400000 1.473389 
1.600000 1.514876 
1.800000 1.559520 
2.000000 1.607457 
2.200000 1.659630 
2.400000 1.717118 
2.600000 1.778567 
2.800000 1.842357 
3.000000 1.915731 
3.200000 1.996642 
3.400000 2.081934 
3.600000 2.185688 
3.800000 2.295628 
4.000000 2.430960 
4.200000 2.583345 
4.400000 2.749427 
4.600000 2.968759 
4.800000 3.226759 
5.000000 3.547950 
5.200000 3.983354 
5.400000 4.568422 
5.600000 5.541370 
5.800000 6.906081 
6.000000 11.078608 
6.200000 33.548253 
6.400000 442.656013 
6.600000 864.750071 
6.800000 1292.336480 
7.000000 1664.028157 
7.200000 2010.637102 
7.400000 2344.919129 
7.600000 2675.591546 
7.800000 2913.053900 
8.000000 3157.887260 
8.200000 3425.662224 
8.400000 3601.062304 
8.600000 3773.597744 
8.800000 3987.736781 
9.000000 3929.944023 
9.200000 4455.161262 
9.400000 4534.839614 
