0.000000 0.000000 
0.200000 0.370414 
0.400000 0.376890 
0.600000 0.383382 
0.800000 0.390018 
1.000000 0.396816 
1.200000 0.404237 
1.400000 0.411817 
1.600000 0.419540 
1.800000 0.428438 
2.000000 0.436664 
2.200000 0.446204 
2.400000 0.456236 
2.600000 0.466727 
2.800000 0.476861 
3.000000 0.488848 
3.200000 0.500726 
3.400000 0.513985 
3.600000 0.527744 
3.800000 0.542661 
4.000000 0.559316 
4.200000 0.576361 
4.400000 0.593980 
4.600000 0.613784 
4.800000 0.636191 
5.000000 0.660314 
5.200000 0.685406 
5.400000 0.714763 
5.600000 0.748838 
5.800000 0.785064 
6.000000 0.823746 
6.200000 0.875792 
6.400000 0.929724 
6.600000 0.992848 
6.800000 1.071540 
7.000000 1.165232 
7.200000 1.289068 
7.400000 1.455213 
7.600000 1.701233 
7.800000 2.061714 
8.000000 2.784915 
8.200000 4.662909 
8.400000 47.800148 
8.600000 300.692397 
8.800000 519.368202 
9.000000 727.672081 
9.200000 950.696672 
9.400000 1120.858422 
9.600000 1304.379893 
9.800000 1454.884170 
10.000000 1608.766315 
10.200000 1757.261945 
10.400000 1891.189049 
10.600000 2013.352557 
10.800000 2131.945542 
11.000000 2232.677956 
11.200000 2315.388220 
11.400000 2415.046535 
11.600000 2384.288302 
11.800000 2523.931374 
12.000000 2472.690293 
