0.000000 0.000000 
1.000000 1.634880 
2.000000 1.886272 
3.000000 2.264359 
4.000000 2.900082 
5.000000 4.397148 
6.000000 22.719276 
7.000000 1971.298712 
8.000000 3552.347567 
9.000000 4622.522800 
10.000000 4945.442100 
11.000000 5799.047079 
12.000000 6177.118023 
13.000000 6473.601226 
14.000000 6519.436989 
15.000000 6581.119210 
16.000000 6626.639506 
17.000000 6868.421133 
18.000000 6805.923513 
19.000000 6799.656113 
20.000000 6753.173490 
21.000000 6710.871651 
22.000000 6601.111992 
23.000000 6220.452467 
24.000000 6304.775665 
25.000000 6214.036555 
