0.000000 0.000000 
0.200000 0.222785 
0.400000 0.228476 
0.600000 0.234577 
0.800000 0.241296 
1.000000 0.248542 
1.200000 0.256386 
1.400000 0.265100 
1.600000 0.274308 
1.800000 0.284851 
2.000000 0.296585 
2.200000 0.309459 
2.400000 0.324557 
2.600000 0.340973 
2.800000 0.360565 
3.000000 0.383447 
3.200000 0.411346 
3.400000 0.443097 
3.600000 0.481685 
3.800000 0.532971 
4.000000 0.600970 
4.200000 0.693419 
4.400000 0.835135 
4.600000 1.083696 
4.800000 1.570938 
5.000000 4.158978 
5.200000 62.465153 
5.400000 140.663735 
5.600000 203.353353 
5.800000 275.904093 
6.000000 312.436999 
6.200000 384.300580 
6.400000 445.917480 
6.600000 490.587720 
6.800000 541.239062 
7.000000 575.593598 
7.200000 580.126746 
7.400000 673.469967 
7.600000 678.943416 
7.800000 738.593622 
8.000000 775.725488 
8.200000 792.338279 
8.400000 814.289001 
8.600000 827.737511 
8.800000 851.794392 
9.000000 869.277530 
9.200000 825.484180 
9.400000 875.097436 
9.600000 797.221684 
9.800000 901.533584 
10.000000 930.060309 
10.200000 940.351789 
10.400000 947.740593 
10.600000 909.937488 
10.800000 926.449269 
11.000000 913.060684 
11.200000 940.793314 
11.400000 942.745524 
11.600000 953.294685 
11.800000 955.290703 
12.000000 957.790305 
