0.000000 0.000000 
1.000000 0.687981 
2.000000 0.774232 
3.000000 0.892903 
4.000000 1.068395 
5.000000 1.370631 
6.000000 2.056051 
7.000000 10.023714 
8.000000 1563.815583 
9.000000 2852.740513 
10.000000 3424.078696 
11.000000 4317.352644 
12.000000 4788.993461 
13.000000 5133.381073 
14.000000 5369.631365 
15.000000 5221.879809 
16.000000 5379.618503 
17.000000 5413.597521 
18.000000 5624.149455 
19.000000 5670.858514 
20.000000 5704.399669 
21.000000 5688.462604 
22.000000 5718.748494 
23.000000 5624.734177 
24.000000 5693.807914 
25.000000 5444.870894 
