0.000000 0.000000 
2.000000 0.068726 
4.000000 0.070343 
6.000000 0.072042 
8.000000 0.073869 
10.000000 0.075801 
12.000000 0.077826 
14.000000 0.080034 
16.000000 0.082346 
18.000000 0.084869 
20.000000 0.087578 
22.000000 0.090512 
24.000000 0.093758 
26.000000 0.097303 
28.000000 0.101214 
30.000000 0.105512 
32.000000 0.110387 
34.000000 0.116022 
36.000000 0.122236 
38.000000 0.129643 
40.000000 0.138252 
42.000000 0.148978 
44.000000 0.163111 
46.000000 0.180720 
48.000000 0.206187 
50.000000 0.244148 
52.000000 0.321626 
54.000000 0.538680 
56.000000 6.558885 
58.000000 26.972034 
60.000000 45.122280 
62.000000 62.679651 
64.000000 77.420699 
66.000000 91.550987 
68.000000 103.554414 
70.000000 115.435791 
72.000000 125.023278 
74.000000 135.034685 
76.000000 142.538907 
78.000000 151.811229 
80.000000 158.538225 
82.000000 164.858646 
84.000000 169.679330 
86.000000 174.892513 
88.000000 180.453800 
90.000000 184.865585 
92.000000 190.980449 
94.000000 193.666384 
96.000000 198.651938 
98.000000 202.748526 
100.000000 206.453811 
