0.000000 0.000000 
2.000000 19057.264540 
4.000000 15277.979140 
6.000000 11906.229361 
8.000000 9696.239154 
10.000000 8121.599920 
12.000000 6943.287849 
14.000000 6056.061495 
16.000000 5337.671211 
18.000000 4766.083292 
20.000000 4299.840638 
22.000000 3943.880651 
24.000000 3572.705032 
26.000000 3296.886410 
28.000000 3030.725404 
30.000000 2814.166819 
32.000000 2620.868151 
34.000000 2470.508242 
36.000000 2300.103057 
38.000000 2162.585878 
40.000000 2034.862667 
42.000000 1930.707278 
44.000000 1834.869422 
46.000000 1752.468877 
48.000000 1658.127116 
50.000000 1581.762077 
52.000000 1509.231068 
54.000000 1443.737542 
56.000000 1378.551799 
58.000000 1321.645314 
60.000000 1269.140731 
62.000000 1217.737584 
64.000000 1169.225293 
66.000000 1124.294125 
68.000000 1082.466824 
70.000000 1054.388327 
72.000000 1008.914269 
74.000000 976.747379 
76.000000 935.322285 
78.000000 915.308709 
80.000000 886.818472 
82.000000 854.985334 
84.000000 827.847524 
86.000000 800.573959 
88.000000 775.823944 
90.000000 755.282586 
92.000000 734.150118 
94.000000 710.424396 
96.000000 693.202336 
98.000000 674.863510 
100.000000 654.585446 
