0.000000 0.000000 
2.000000 0.016630 
4.000000 0.016850 
6.000000 0.017101 
8.000000 0.017343 
10.000000 0.017609 
12.000000 0.017871 
14.000000 0.018161 
16.000000 0.018444 
18.000000 0.018746 
20.000000 0.019044 
22.000000 0.019391 
24.000000 0.019726 
26.000000 0.020080 
28.000000 0.020441 
30.000000 0.020831 
32.000000 0.021248 
34.000000 0.021677 
36.000000 0.022122 
38.000000 0.022592 
40.000000 0.023100 
42.000000 0.023661 
44.000000 0.024229 
46.000000 0.024835 
48.000000 0.025497 
50.000000 0.026236 
52.000000 0.027013 
54.000000 0.027876 
56.000000 0.028800 
58.000000 0.029836 
60.000000 0.031031 
62.000000 0.032401 
64.000000 0.033941 
66.000000 0.035881 
68.000000 0.038025 
70.000000 0.040750 
72.000000 0.044392 
74.000000 0.049416 
76.000000 0.056678 
78.000000 0.069241 
80.000000 0.100068 
82.000000 0.222404 
84.000000 0.520533 
86.000000 0.876127 
88.000000 1.251189 
90.000000 1.594414 
92.000000 1.923953 
94.000000 2.273319 
96.000000 2.561381 
98.000000 2.889992 
100.000000 3.152608 
