0.000000 0.000000 
1.000000 0.436539 
2.000000 0.461605 
3.000000 0.490036 
4.000000 0.523450 
5.000000 0.563326 
6.000000 0.611652 
7.000000 0.671230 
8.000000 0.748456 
9.000000 0.849844 
10.000000 0.997309 
11.000000 1.248841 
12.000000 1.744718 
13.000000 3.744614 
14.000000 624.481249 
15.000000 1591.732173 
16.000000 2384.187932 
17.000000 2882.102082 
18.000000 3422.735198 
19.000000 3717.129906 
20.000000 4042.854585 
21.000000 4168.601983 
22.000000 4385.983815 
23.000000 4408.194674 
24.000000 4656.058022 
25.000000 4614.428154 
