0.000000 0.000000 
2.000000 0.026374 
4.000000 0.051490 
6.000000 184.016550 
8.000000 176.748389 
10.000000 143.097740 
12.000000 113.588963 
14.000000 92.564404 
16.000000 74.394785 
18.000000 61.410207 
20.000000 51.743975 
22.000000 43.759317 
24.000000 37.571679 
26.000000 32.553187 
28.000000 28.518810 
30.000000 25.176993 
32.000000 22.432063 
34.000000 20.182940 
36.000000 18.129051 
38.000000 16.093030 
40.000000 14.840901 
42.000000 13.501190 
44.000000 12.384268 
46.000000 11.269719 
48.000000 10.377536 
50.000000 9.624159 
52.000000 8.981745 
54.000000 8.354358 
56.000000 7.791966 
58.000000 7.301053 
60.000000 6.798057 
62.000000 6.387705 
64.000000 6.029493 
66.000000 5.657588 
68.000000 5.340083 
70.000000 5.080668 
72.000000 4.809712 
74.000000 4.588367 
76.000000 4.381607 
78.000000 4.112836 
80.000000 3.906918 
82.000000 3.762418 
84.000000 3.577034 
86.000000 3.419289 
88.000000 3.268797 
90.000000 3.166173 
92.000000 3.056793 
94.000000 2.979210 
96.000000 2.969812 
98.000000 6.047063 
100.000000 13.764451 
