0.000000 0.000000 
2.000000 0.078064 
4.000000 796.717781 
6.000000 547.455757 
8.000000 371.906482 
10.000000 263.279552 
12.000000 195.508480 
14.000000 149.842958 
16.000000 117.856050 
18.000000 96.780788 
20.000000 79.869558 
22.000000 66.565047 
24.000000 56.319968 
26.000000 48.515986 
28.000000 42.269078 
30.000000 36.886007 
32.000000 32.830088 
34.000000 29.157410 
36.000000 26.174090 
38.000000 23.740799 
40.000000 21.380548 
42.000000 19.370474 
44.000000 17.612300 
46.000000 16.351741 
48.000000 14.906747 
50.000000 13.744220 
52.000000 12.784183 
54.000000 11.830775 
56.000000 10.954869 
58.000000 10.277615 
60.000000 9.610228 
62.000000 8.948411 
64.000000 8.446951 
66.000000 7.963147 
68.000000 7.512364 
70.000000 7.115765 
72.000000 6.735153 
74.000000 6.399458 
76.000000 6.037236 
78.000000 5.750658 
80.000000 5.476673 
82.000000 5.224836 
84.000000 4.945261 
86.000000 4.727987 
88.000000 4.544988 
90.000000 4.358159 
92.000000 4.155786 
94.000000 3.993967 
96.000000 3.830031 
98.000000 3.711682 
100.000000 3.581760 
