0.000000 0.000000 
0.200000 0.218223 
0.400000 0.222448 
0.600000 0.226996 
0.800000 0.231513 
1.000000 0.236473 
1.200000 0.241632 
1.400000 0.247147 
1.600000 0.252997 
1.800000 0.259382 
2.000000 0.266154 
2.200000 0.273279 
2.400000 0.280822 
2.600000 0.289223 
2.800000 0.298457 
3.000000 0.307943 
3.200000 0.318701 
3.400000 0.330538 
3.600000 0.343779 
3.800000 0.357626 
4.000000 0.374708 
4.200000 0.392274 
4.400000 0.412142 
4.600000 0.436092 
4.800000 0.464258 
5.000000 0.496712 
5.200000 0.538804 
5.400000 0.583113 
5.600000 0.645483 
5.800000 0.724468 
6.000000 0.835155 
6.200000 1.000537 
6.400000 1.286608 
6.600000 1.966785 
6.800000 6.016178 
7.000000 96.080845 
7.200000 202.277458 
7.400000 315.264380 
7.600000 410.850923 
7.800000 508.757863 
8.000000 609.423728 
8.200000 690.195382 
8.400000 758.874338 
8.600000 742.732693 
8.800000 885.681839 
9.000000 940.293004 
9.200000 954.334428 
9.400000 1019.560378 
9.600000 1040.069377 
9.800000 1119.450144 
10.000000 1192.544094 
10.200000 1259.266020 
10.400000 1313.269825 
10.600000 1296.842410 
10.800000 1301.147904 
11.000000 1382.277882 
11.200000 1364.075896 
11.400000 1431.876999 
11.600000 1458.092989 
11.800000 1482.919890 
12.000000 1516.308925 
