0.000000 0.000000 
0.200000 0.421805 
0.400000 0.428915 
0.600000 0.436790 
0.800000 0.444860 
1.000000 0.453420 
1.200000 0.461926 
1.400000 0.471400 
1.600000 0.481124 
1.800000 0.491168 
2.000000 0.501927 
2.200000 0.513387 
2.400000 0.525189 
2.600000 0.537134 
2.800000 0.551152 
3.000000 0.565728 
3.200000 0.580728 
3.400000 0.596756 
3.600000 0.613792 
3.800000 0.632709 
4.000000 0.652742 
4.200000 0.674804 
4.400000 0.698865 
4.600000 0.724229 
4.800000 0.753942 
5.000000 0.785297 
5.200000 0.821271 
5.400000 0.859718 
5.600000 0.900648 
5.800000 0.955382 
6.000000 1.016914 
6.200000 1.085794 
6.400000 1.168629 
6.600000 1.271134 
6.800000 1.407659 
7.000000 1.586137 
7.200000 1.815690 
7.400000 2.171474 
7.600000 2.879627 
7.800000 4.517493 
8.000000 39.205416 
8.200000 318.005903 
8.400000 591.855281 
8.600000 857.277209 
8.800000 1073.191049 
9.000000 1355.670876 
9.200000 1548.222972 
9.400000 1804.800640 
9.600000 1953.915875 
