0.000000 0.000000 
2.000000 0.019387 
4.000000 0.019667 
6.000000 0.019969 
8.000000 0.020278 
10.000000 0.020607 
12.000000 0.020925 
14.000000 0.021266 
16.000000 0.021628 
18.000000 0.022004 
20.000000 0.022386 
22.000000 0.022803 
24.000000 0.023222 
26.000000 0.023670 
28.000000 0.024146 
30.000000 0.024635 
32.000000 0.025147 
34.000000 0.025708 
36.000000 0.026293 
38.000000 0.026914 
40.000000 0.027562 
42.000000 0.028249 
44.000000 0.029012 
46.000000 0.029858 
48.000000 0.030724 
50.000000 0.031655 
52.000000 0.032699 
54.000000 0.033832 
56.000000 0.035092 
58.000000 0.036572 
60.000000 0.038163 
62.000000 0.039995 
64.000000 0.042165 
66.000000 0.044739 
68.000000 0.047735 
70.000000 0.051422 
72.000000 0.056565 
74.000000 0.063492 
76.000000 0.072869 
78.000000 0.090380 
80.000000 0.125293 
82.000000 0.345391 
84.000000 2.322305 
86.000000 4.810488 
88.000000 7.220427 
90.000000 9.233417 
92.000000 11.357377 
94.000000 13.339382 
96.000000 15.565951 
98.000000 17.492054 
100.000000 19.468497 
