0.000000 0.000000 
2.000000 0.015927 
4.000000 0.016129 
6.000000 0.016358 
8.000000 0.016601 
10.000000 0.016841 
12.000000 0.017107 
14.000000 0.017372 
16.000000 0.017634 
18.000000 0.017902 
20.000000 0.018196 
22.000000 0.018501 
24.000000 0.018840 
26.000000 0.019158 
28.000000 0.019505 
30.000000 0.019879 
32.000000 0.020233 
34.000000 0.020646 
36.000000 0.021059 
38.000000 0.021509 
40.000000 0.021950 
42.000000 0.022451 
44.000000 0.023019 
46.000000 0.023571 
48.000000 0.024197 
50.000000 0.024797 
52.000000 0.025515 
54.000000 0.026295 
56.000000 0.027191 
58.000000 0.028067 
60.000000 0.029153 
62.000000 0.030374 
64.000000 0.031733 
66.000000 0.033398 
68.000000 0.035465 
70.000000 0.037921 
72.000000 0.040899 
74.000000 0.045466 
76.000000 0.052168 
78.000000 0.063947 
80.000000 0.087986 
82.000000 0.158758 
84.000000 0.312591 
86.000000 0.502758 
88.000000 0.693991 
90.000000 0.883332 
92.000000 1.068884 
94.000000 1.234465 
96.000000 1.394963 
98.000000 1.555912 
100.000000 1.693313 
