0.000000 0.000000 
2.000000 0.184087 
4.000000 0.189233 
6.000000 0.194782 
8.000000 0.200691 
10.000000 0.207225 
12.000000 0.214123 
14.000000 0.221561 
16.000000 0.229744 
18.000000 0.238866 
20.000000 0.248961 
22.000000 0.259858 
24.000000 0.272550 
26.000000 0.286546 
28.000000 0.302715 
30.000000 0.321829 
32.000000 0.345077 
34.000000 0.373382 
36.000000 0.408782 
38.000000 0.456724 
40.000000 0.525412 
42.000000 0.636059 
44.000000 0.866322 
46.000000 1.778224 
48.000000 20.420142 
50.000000 45.177053 
52.000000 68.873444 
54.000000 89.961339 
56.000000 108.450199 
58.000000 125.988851 
60.000000 140.391058 
62.000000 153.765745 
64.000000 165.662972 
66.000000 177.306433 
68.000000 187.294500 
70.000000 195.657075 
72.000000 204.855150 
74.000000 212.245966 
76.000000 218.666964 
78.000000 225.255107 
80.000000 229.768377 
82.000000 233.424646 
84.000000 240.217629 
86.000000 244.439850 
88.000000 247.074083 
90.000000 250.687047 
92.000000 253.040564 
94.000000 257.626705 
96.000000 259.737940 
98.000000 262.858760 
100.000000 263.990089 
