0.000000 0.000000 
2.000000 0.031881 
4.000000 0.032413 
6.000000 0.032953 
8.000000 0.033516 
10.000000 0.034114 
12.000000 0.034727 
14.000000 0.035358 
16.000000 0.036029 
18.000000 0.036715 
20.000000 0.037457 
22.000000 0.038184 
24.000000 0.038967 
26.000000 0.039811 
28.000000 0.040665 
30.000000 0.041580 
32.000000 0.042564 
34.000000 0.043571 
36.000000 0.044626 
38.000000 0.045768 
40.000000 0.046931 
42.000000 0.048213 
44.000000 0.049583 
46.000000 0.051089 
48.000000 0.052636 
50.000000 0.054310 
52.000000 0.056143 
54.000000 0.058174 
56.000000 0.060300 
58.000000 0.062698 
60.000000 0.065388 
62.000000 0.068265 
64.000000 0.071643 
66.000000 0.075521 
68.000000 0.079879 
70.000000 0.084744 
72.000000 0.090927 
74.000000 0.098360 
76.000000 0.107698 
78.000000 0.120236 
80.000000 0.137924 
82.000000 0.167099 
84.000000 0.219447 
86.000000 0.390673 
88.000000 15.813223 
90.000000 97.511235 
92.000000 179.978638 
94.000000 255.113975 
96.000000 320.178996 
98.000000 388.070483 
100.000000 446.919782 
