0.000000 0.000000 
0.200000 0.234736 
0.400000 0.238458 
0.600000 0.242170 
0.800000 0.245956 
1.000000 0.249879 
1.200000 0.253940 
1.400000 0.258429 
1.600000 0.263107 
1.800000 0.267867 
2.000000 0.272962 
2.200000 0.278568 
2.400000 0.284084 
2.600000 0.290606 
2.800000 0.297087 
3.000000 0.303960 
3.200000 0.312180 
3.400000 0.320817 
3.600000 0.330865 
3.800000 0.342819 
4.000000 0.356214 
4.200000 0.373570 
4.400000 0.395232 
4.600000 0.432721 
4.800000 0.493289 
5.000000 0.715986 
5.200000 70.862660 
5.400000 326.394686 
5.600000 559.114645 
5.800000 777.722035 
6.000000 952.210203 
6.200000 1096.791907 
6.400000 1210.154714 
6.600000 1316.643952 
6.800000 1392.333079 
7.000000 1419.393827 
7.200000 1509.577157 
7.400000 1545.135064 
7.600000 1604.963135 
7.800000 1635.997768 
8.000000 1653.253884 
8.200000 1684.043339 
8.400000 1678.107638 
8.600000 1682.906849 
8.800000 1697.840099 
9.000000 1711.047395 
9.200000 1681.596806 
9.400000 1679.816337 
9.600000 1650.878732 
9.800000 1646.123652 
10.000000 1640.293700 
10.200000 1625.331729 
10.400000 1583.452400 
10.600000 1546.229371 
10.800000 1588.009763 
11.000000 1503.350026 
11.200000 1568.072856 
11.400000 1540.016122 
11.600000 1500.874978 
