0.000000 0.000000 
1.000000 0.221352 
2.000000 0.238033 
3.000000 0.257987 
4.000000 0.282656 
5.000000 0.314379 
6.000000 0.355920 
7.000000 0.414588 
8.000000 0.508952 
9.000000 0.684384 
10.000000 1.253810 
11.000000 284.802240 
12.000000 1095.633509 
13.000000 1667.960313 
14.000000 2096.415346 
15.000000 2373.661733 
16.000000 2710.856012 
17.000000 2983.267357 
18.000000 3179.731532 
19.000000 3321.816361 
20.000000 3542.689956 
21.000000 3507.107474 
22.000000 3634.944126 
23.000000 3711.813312 
24.000000 3627.359524 
25.000000 3790.811942 
