0.000000 0.000000 
1.000000 0.440563 
2.000000 0.470749 
3.000000 0.506614 
4.000000 0.549691 
5.000000 0.603469 
6.000000 0.671971 
7.000000 0.763617 
8.000000 0.894878 
9.000000 1.109665 
10.000000 1.531382 
11.000000 3.136115 
12.000000 606.965709 
13.000000 1652.960682 
14.000000 2374.964870 
15.000000 2992.876761 
16.000000 3484.184952 
17.000000 3804.589946 
18.000000 4157.994405 
19.000000 4239.630357 
20.000000 4483.269579 
21.000000 4600.827242 
22.000000 4630.678954 
23.000000 4740.531945 
24.000000 4819.856268 
25.000000 4716.579070 
