0.000000 0.000000 
0.200000 0.176064 
0.400000 0.177312 
0.600000 0.178436 
0.800000 0.179820 
1.000000 0.180960 
1.200000 0.182362 
1.400000 0.183561 
1.600000 0.184769 
1.800000 0.186188 
2.000000 0.187415 
2.200000 0.188773 
2.400000 0.190120 
2.600000 0.191414 
2.800000 0.192719 
3.000000 0.194187 
3.200000 0.195662 
3.400000 0.197010 
3.600000 0.198702 
3.800000 0.200031 
4.000000 0.201730 
4.200000 0.203218 
4.400000 0.204728 
4.600000 0.206647 
4.800000 0.208143 
5.000000 0.209819 
5.200000 0.211418 
5.400000 0.213164 
5.600000 0.215170 
5.800000 0.216686 
6.000000 0.218570 
6.200000 0.220584 
6.400000 0.222219 
6.600000 0.224294 
6.800000 0.225958 
7.000000 0.228010 
7.200000 0.230094 
7.400000 0.232165 
7.600000 0.234705 
7.800000 0.236422 
8.000000 0.238714 
8.200000 0.240846 
8.400000 0.243056 
8.600000 0.245344 
8.800000 0.248089 
9.000000 0.250604 
9.200000 0.252908 
9.400000 0.255032 
9.600000 0.257707 
9.800000 0.260280 
10.000000 0.263105 
10.200000 0.265541 
10.400000 0.268318 
10.600000 0.271333 
10.800000 0.274674 
11.000000 0.277532 
11.200000 0.280321 
11.400000 0.283686 
11.600000 0.287067 
11.800000 0.290339 
12.000000 0.293715 
