0.000000 0.000000 
2.000000 0.017675 
4.000000 0.017926 
6.000000 0.018185 
8.000000 0.018452 
10.000000 0.018735 
12.000000 0.019030 
14.000000 0.019336 
16.000000 0.019643 
18.000000 0.019977 
20.000000 0.020328 
22.000000 0.020681 
24.000000 0.021050 
26.000000 0.021439 
28.000000 0.021838 
30.000000 0.022279 
32.000000 0.022716 
34.000000 0.023218 
36.000000 0.023718 
38.000000 0.024219 
40.000000 0.024788 
42.000000 0.025427 
44.000000 0.026027 
46.000000 0.026757 
48.000000 0.027479 
50.000000 0.028320 
52.000000 0.029147 
54.000000 0.030170 
56.000000 0.031215 
58.000000 0.032425 
60.000000 0.033806 
62.000000 0.035318 
64.000000 0.037095 
66.000000 0.039263 
68.000000 0.041817 
70.000000 0.045049 
72.000000 0.049289 
74.000000 0.055048 
76.000000 0.063679 
78.000000 0.078543 
80.000000 0.111623 
82.000000 0.305791 
84.000000 1.036039 
86.000000 1.806472 
88.000000 2.641523 
90.000000 3.413546 
92.000000 4.133528 
94.000000 4.878537 
96.000000 5.587477 
98.000000 6.201820 
100.000000 6.850235 
