0.000000 0.000000 
2.000000 0.068730 
4.000000 0.070350 
6.000000 0.072049 
8.000000 0.073851 
10.000000 0.075773 
12.000000 0.077887 
14.000000 0.080048 
16.000000 0.082382 
18.000000 0.084905 
20.000000 0.087654 
22.000000 0.090569 
24.000000 0.093682 
26.000000 0.097263 
28.000000 0.101229 
30.000000 0.105508 
32.000000 0.110520 
34.000000 0.115926 
36.000000 0.122133 
38.000000 0.129425 
40.000000 0.138504 
42.000000 0.149092 
44.000000 0.163000 
46.000000 0.180594 
48.000000 0.206286 
50.000000 0.246530 
52.000000 0.316277 
54.000000 0.561425 
56.000000 7.435999 
58.000000 26.411336 
60.000000 45.645800 
62.000000 62.448595 
64.000000 78.350567 
66.000000 91.629220 
68.000000 104.096368 
70.000000 115.977770 
72.000000 125.867381 
74.000000 135.712989 
76.000000 144.687941 
78.000000 151.210823 
80.000000 159.602239 
82.000000 163.905712 
84.000000 169.821524 
86.000000 175.912159 
88.000000 180.949047 
90.000000 186.292427 
92.000000 191.262353 
94.000000 194.886214 
96.000000 198.481388 
98.000000 202.630477 
100.000000 206.542542 
