0.000000 0.000000 
0.200000 0.517241 
0.400000 0.526728 
0.600000 0.536580 
0.800000 0.547618 
1.000000 0.558449 
1.200000 0.569835 
1.400000 0.582369 
1.600000 0.595869 
1.800000 0.608203 
2.000000 0.623995 
2.200000 0.638471 
2.400000 0.654812 
2.600000 0.671286 
2.800000 0.690391 
3.000000 0.710799 
3.200000 0.731341 
3.400000 0.753943 
3.600000 0.778698 
3.800000 0.805357 
4.000000 0.835479 
4.200000 0.867724 
4.400000 0.901698 
4.600000 0.938247 
4.800000 0.984067 
5.000000 1.033912 
5.200000 1.092135 
5.400000 1.151165 
5.600000 1.232821 
5.800000 1.317533 
6.000000 1.421837 
6.200000 1.556908 
6.400000 1.739119 
6.600000 1.959959 
6.800000 2.307953 
7.000000 2.847106 
7.200000 3.990553 
7.400000 8.689875 
7.600000 104.753445 
7.800000 400.119727 
8.000000 619.657732 
8.200000 888.763746 
8.400000 1042.887871 
8.600000 1262.800981 
8.800000 1438.448778 
9.000000 1607.722239 
9.200000 1742.251495 
9.400000 1875.039238 
9.600000 2010.687207 
9.800000 2141.272198 
10.000000 2249.471913 
10.200000 2350.071700 
10.400000 2440.950412 
10.600000 2506.983715 
10.800000 2615.792790 
11.000000 2666.776266 
11.200000 2742.477346 
11.400000 2747.527767 
11.600000 2759.236915 
11.800000 2885.391863 
12.000000 2826.010367 
