0.000000 0.000000 
2.000000 0.029487 
4.000000 278.934712 
6.000000 323.756213 
8.000000 247.731758 
10.000000 185.665618 
12.000000 142.203161 
14.000000 111.479757 
16.000000 90.225836 
18.000000 73.556057 
20.000000 60.594529 
22.000000 51.259712 
24.000000 43.624390 
26.000000 37.815322 
28.000000 32.690132 
30.000000 28.746040 
32.000000 25.619427 
34.000000 22.855771 
36.000000 20.403623 
38.000000 18.683139 
40.000000 16.823148 
42.000000 15.286058 
44.000000 13.948166 
46.000000 12.808091 
48.000000 11.783489 
50.000000 10.767018 
52.000000 10.154303 
54.000000 9.372193 
56.000000 8.757493 
58.000000 8.167360 
60.000000 7.755783 
62.000000 7.200557 
64.000000 6.760075 
66.000000 6.357863 
68.000000 5.999938 
70.000000 5.679324 
72.000000 5.333455 
74.000000 5.036753 
76.000000 4.878083 
78.000000 4.616333 
80.000000 4.427675 
82.000000 4.175141 
84.000000 3.988347 
86.000000 3.798497 
88.000000 3.675836 
90.000000 3.497766 
92.000000 3.395578 
94.000000 3.208780 
96.000000 3.111953 
98.000000 2.994849 
100.000000 2.933153 
