0.000000 0.000000 
2.000000 0.091794 
4.000000 0.094087 
6.000000 0.096531 
8.000000 0.099189 
10.000000 0.101951 
12.000000 0.104957 
14.000000 0.108139 
16.000000 0.111578 
18.000000 0.115375 
20.000000 0.119423 
22.000000 0.123874 
24.000000 0.128782 
26.000000 0.134215 
28.000000 0.140312 
30.000000 0.147148 
32.000000 0.155025 
34.000000 0.163937 
36.000000 0.175163 
38.000000 0.188302 
40.000000 0.204728 
42.000000 0.226190 
44.000000 0.255087 
46.000000 0.299008 
48.000000 0.377513 
50.000000 0.567573 
52.000000 3.273336 
54.000000 24.450257 
56.000000 45.234558 
58.000000 65.287287 
60.000000 81.084610 
62.000000 96.195959 
64.000000 109.815014 
66.000000 122.709325 
68.000000 134.057931 
70.000000 144.224412 
72.000000 152.967258 
74.000000 163.344440 
76.000000 169.861048 
78.000000 177.787303 
80.000000 182.151862 
82.000000 189.749464 
84.000000 193.789459 
86.000000 198.856484 
88.000000 201.379366 
90.000000 206.304892 
92.000000 209.031208 
94.000000 213.584428 
96.000000 216.474346 
98.000000 220.382712 
100.000000 223.077404 
