0.000000 0.000000
0.100000 0.219982
0.200000 0.222703
0.300000 0.225521
0.400000 0.228441
0.500000 0.231470
0.600000 0.234615
0.700000 0.237884
0.800000 0.241283
0.900000 0.244822
1.000000 0.248511
1.100000 0.252360
1.200000 0.256380
1.300000 0.260585
1.400000 0.264989
1.500000 0.269606
1.600000 0.274454
1.700000 0.279553
1.800000 0.284923
1.900000 0.290588
2.000000 0.296575
2.100000 0.302915
2.200000 0.309641
2.300000 0.316792
2.400000 0.324412
2.500000 0.332552
2.600000 0.341269
2.700000 0.350632
2.800000 0.360718
2.900000 0.371619
3.000000 0.383444
3.100000 0.396319
3.200000 0.410400
3.300000 0.425872
3.400000 0.442961
3.500000 0.461946
3.600000 0.483176
3.700000 0.507091
3.800000 0.534260
3.900000 0.565424
4.000000 0.601579
4.100000 0.644085
4.200000 0.694869
4.300000 0.756751
4.400000 0.834059
4.500000 0.933827
4.600000 1.068429
4.700000 1.262159
4.800000 1.571361
4.900000 2.169692
5.000000 4.062833
