0.000000 0.000000
0.100000 0.222780
0.200000 0.224278
0.300000 0.225799
0.400000 0.227344
0.500000 0.228915
0.600000 0.230511
0.700000 0.232133
0.800000 0.233782
0.900000 0.235459
1.000000 0.237165
1.100000 0.238900
1.200000 0.240665
1.300000 0.242461
1.400000 0.244288
1.500000 0.246149
1.600000 0.248044
1.700000 0.249973
1.800000 0.251938
1.900000 0.253940
2.000000 0.255981
2.100000 0.258061
2.200000 0.260181
2.300000 0.262343
2.400000 0.264549
2.500000 0.266800
2.600000 0.269096
2.700000 0.271441
2.800000 0.273835
2.900000 0.276281
3.000000 0.278780
3.100000 0.281333
3.200000 0.283944
3.300000 0.286615
3.400000 0.289346
3.500000 0.292142
3.600000 0.295004
3.700000 0.297936
3.800000 0.300939
3.900000 0.304017
4.000000 0.307173
4.100000 0.310411
4.200000 0.313734
4.300000 0.317146
4.400000 0.320650
4.500000 0.324253
4.600000 0.327957
4.700000 0.331768
4.800000 0.335691
4.900000 0.339732
5.000000 0.343898
5.100000 0.348194
5.200000 0.352628
5.300000 0.357209
5.400000 0.361943
5.500000 0.366842
5.600000 0.371914
5.700000 0.377170
5.800000 0.382624
5.900000 0.388288
6.000000 0.394177
6.100000 0.400308
6.200000 0.406699
6.300000 0.413371
6.400000 0.420347
6.500000 0.427655
6.600000 0.435324
6.700000 0.443391
6.800000 0.451896
6.900000 0.460887
7.000000 0.470424
7.100000 0.480576
7.200000 0.491428
7.300000 0.503089
7.400000 0.515694
7.500000 0.529424
7.600000 0.544518
7.700000 0.561311
7.800000 0.580287
7.900000 0.602181
8.000000 0.628184
8.100000 0.660378
8.200000 0.702817
8.300000 0.764676
8.400000 0.872356
8.500000 1.146942
8.600000 6.064157
