0.000000 0.000000
0.100000 0.246859
0.200000 0.249063
0.300000 0.251335
0.400000 0.253680
0.500000 0.256104
0.600000 0.258615
0.700000 0.261219
0.800000 0.263927
0.900000 0.266747
1.000000 0.269693
1.100000 0.272778
1.200000 0.276020
1.300000 0.279439
1.400000 0.283060
1.500000 0.286913
1.600000 0.291035
1.700000 0.295473
1.800000 0.300288
1.900000 0.305557
2.000000 0.311383
2.100000 0.317904
2.200000 0.325314
2.300000 0.333886
2.400000 0.344028
2.500000 0.356368
2.600000 0.371935
2.700000 0.392533
2.800000 0.421646
2.900000 0.466993
3.000000 0.549759
3.100000 0.756731
3.200000 2.364898
