0.000000 0.000000
0.100000 0.837492
0.200000 0.846159
0.300000 0.855041
0.400000 0.864147
0.500000 0.873486
0.600000 0.883069
0.700000 0.892905
0.800000 0.903007
0.900000 0.913386
1.000000 0.924055
1.100000 0.935027
1.200000 0.946317
1.300000 0.957939
1.400000 0.969911
1.500000 0.982250
1.600000 0.994975
1.700000 1.008105
1.800000 1.021663
1.900000 1.035672
2.000000 1.050157
2.100000 1.065144
2.200000 1.080664
2.300000 1.096748
2.400000 1.113430
2.500000 1.130748
2.600000 1.148742
2.700000 1.167457
2.800000 1.186940
2.900000 1.207247
3.000000 1.228433
3.100000 1.250565
3.200000 1.273713
3.300000 1.297955
3.400000 1.323379
3.500000 1.350082
3.600000 1.378173
3.700000 1.407773
3.800000 1.439020
3.900000 1.472069
4.000000 1.507097
4.100000 1.544303
4.200000 1.583919
4.300000 1.626210
4.400000 1.671484
4.500000 1.720100
4.600000 1.772480
4.700000 1.829124
4.800000 1.890629
4.900000 1.957713
5.000000 2.031252
5.100000 2.112324
5.200000 2.202275
5.300000 2.302809
5.400000 2.416123
5.500000 2.545099
5.600000 2.693613
5.700000 2.867015
5.800000 3.072935
5.900000 3.322687
6.000000 3.633896
6.100000 4.035790
6.200000 4.581016
6.300000 5.375916
6.400000 6.675085
6.500000 9.288421
6.600000 17.998374
