0.000000 0.000000
0.100000 1.676890
0.200000 1.696227
0.300000 1.716101
0.400000 1.736536
0.500000 1.757558
0.600000 1.779195
0.700000 1.801478
0.800000 1.824438
0.900000 1.848110
1.000000 1.872531
1.100000 1.897740
1.200000 1.923781
1.300000 1.950698
1.400000 1.978541
1.500000 2.007364
1.600000 2.037224
1.700000 2.068185
1.800000 2.100313
1.900000 2.133684
2.000000 2.168377
2.100000 2.204481
2.200000 2.242092
2.300000 2.281317
2.400000 2.322271
2.500000 2.365083
2.600000 2.409896
2.700000 2.456867
2.800000 2.506171
2.900000 2.558005
3.000000 2.612587
3.100000 2.670166
3.200000 2.731018
3.300000 2.795461
3.400000 2.863853
3.500000 2.936606
3.600000 3.014194
3.700000 3.097163
3.800000 3.186152
3.900000 3.281907
4.000000 3.385310
4.100000 3.497411
4.200000 3.619469
4.300000 3.753013
4.400000 3.899915
4.500000 4.062503
4.600000 4.243704
4.700000 4.447266
4.800000 4.678069
4.900000 4.942617
5.000000 5.249787
5.100000 5.612074
5.200000 6.047721
5.300000 6.584596
5.400000 7.267793
5.500000 8.175964
5.600000 9.461117
5.700000 11.464051
5.800000 15.153418
5.900000 24.891758
6.000000 179.446071
