0.000000 0.000000
0.100000 0.242002
0.200000 0.244017
0.300000 0.246085
0.400000 0.248208
0.500000 0.250391
0.600000 0.252636
0.700000 0.254949
0.800000 0.257334
0.900000 0.259797
1.000000 0.262345
1.100000 0.264984
1.200000 0.267723
1.300000 0.270571
1.400000 0.273540
1.500000 0.276642
1.600000 0.279893
1.700000 0.283312
1.800000 0.286920
1.900000 0.290744
2.000000 0.294817
2.100000 0.299181
2.200000 0.303886
2.300000 0.309000
2.400000 0.314608
2.500000 0.320826
2.600000 0.327812
2.700000 0.335785
2.800000 0.345064
2.900000 0.356128
3.000000 0.369732
3.100000 0.387143
3.200000 0.410657
3.300000 0.444926
3.400000 0.500998
3.500000 0.613122
3.600000 0.966958
