0.000000 0.000000
0.100000 1.047311
0.200000 1.058613
0.300000 1.070208
0.400000 1.082108
0.500000 1.094327
0.600000 1.106880
0.700000 1.119780
0.800000 1.133044
0.900000 1.146691
1.000000 1.160736
1.100000 1.175201
1.200000 1.190107
1.300000 1.205475
1.400000 1.221329
1.500000 1.237696
1.600000 1.254602
1.700000 1.272079
1.800000 1.290158
1.900000 1.308873
2.000000 1.328263
2.100000 1.348368
2.200000 1.369232
2.300000 1.390903
2.400000 1.413435
2.500000 1.436884
2.600000 1.461313
2.700000 1.486791
2.800000 1.513394
2.900000 1.541205
3.000000 1.570317
3.100000 1.600833
3.200000 1.632867
3.300000 1.666546
3.400000 1.702014
3.500000 1.739430
3.600000 1.778977
3.700000 1.820859
3.800000 1.865312
3.900000 1.912602
4.000000 1.963038
4.100000 2.016977
4.200000 2.074834
4.300000 2.137096
4.400000 2.204336
4.500000 2.277239
4.600000 2.356626
4.700000 2.443494
4.800000 2.539064
4.900000 2.644855
5.000000 2.762777
5.100000 2.895279
5.200000 3.045551
5.300000 3.217845
5.400000 3.417974
5.500000 3.654124
5.600000 3.938262
5.700000 4.288689
5.800000 4.735051
5.900000 5.329118
6.000000 6.171032
6.100000 7.485386
6.200000 9.909933
6.300000 16.303557
6.400000 112.153795
