0.000000 0.000000
0.100000 0.418034
0.200000 0.421623
0.300000 0.425286
0.400000 0.429025
0.500000 0.432843
0.600000 0.436743
0.700000 0.440727
0.800000 0.444799
0.900000 0.448961
1.000000 0.453218
1.100000 0.457572
1.200000 0.462028
1.300000 0.466588
1.400000 0.471259
1.500000 0.476043
1.600000 0.480945
1.700000 0.485971
1.800000 0.491125
1.900000 0.496413
2.000000 0.501841
2.100000 0.507415
2.200000 0.513141
2.300000 0.519026
2.400000 0.525078
2.500000 0.531305
2.600000 0.537715
2.700000 0.544317
2.800000 0.551120
2.900000 0.558136
3.000000 0.565374
3.100000 0.572847
3.200000 0.580568
3.300000 0.588550
3.400000 0.596808
3.500000 0.605357
3.600000 0.614217
3.700000 0.623404
3.800000 0.632940
3.900000 0.642846
4.000000 0.653147
4.100000 0.663869
4.200000 0.675041
4.300000 0.686695
4.400000 0.698865
4.500000 0.711591
4.600000 0.724914
4.700000 0.738882
4.800000 0.753548
4.900000 0.768971
5.000000 0.785215
5.100000 0.802356
5.200000 0.820477
5.300000 0.839672
5.400000 0.860050
5.500000 0.881734
5.600000 0.904867
5.700000 0.929614
5.800000 0.956165
5.900000 0.984747
6.000000 1.015626
6.100000 1.049118
6.200000 1.085604
6.300000 1.125548
6.400000 1.169517
6.500000 1.218220
6.600000 1.272549
6.700000 1.333650
6.800000 1.403018
6.900000 1.482656
7.000000 1.575305
7.100000 1.684841
7.200000 1.816948
7.300000 1.980351
7.400000 2.189228
7.500000 2.468413
7.600000 2.866013
7.700000 3.489837
7.800000 4.644210
7.900000 7.666348
8.000000 44.861518
