0.000000 0.000000
0.100000 0.232351
0.200000 0.234061
0.300000 0.235805
0.400000 0.237582
0.500000 0.239394
0.600000 0.241242
0.700000 0.243128
0.800000 0.245054
0.900000 0.247021
1.000000 0.249030
1.100000 0.251083
1.200000 0.253184
1.300000 0.255333
1.400000 0.257533
1.500000 0.259787
1.600000 0.262097
1.700000 0.264467
1.800000 0.266899
1.900000 0.269398
2.000000 0.271968
2.100000 0.274612
2.200000 0.277337
2.300000 0.280147
2.400000 0.283048
2.500000 0.286049
2.600000 0.289156
2.700000 0.292379
2.800000 0.295728
2.900000 0.299216
3.000000 0.302857
3.100000 0.306668
3.200000 0.310668
3.300000 0.314881
3.400000 0.319337
3.500000 0.324071
3.600000 0.329126
3.700000 0.334560
3.800000 0.340443
3.900000 0.346870
4.000000 0.353965
4.100000 0.361899
4.200000 0.370914
4.300000 0.381361
4.400000 0.393772
4.500000 0.408998
4.600000 0.428489
4.700000 0.454933
4.800000 0.493948
4.900000 0.559575
5.000000 0.699535
5.100000 1.247872
