0.000000 0.000000
0.100000 0.208574
0.200000 0.209910
0.300000 0.211266
0.400000 0.212643
0.500000 0.214042
0.600000 0.215462
0.700000 0.216905
0.800000 0.218371
0.900000 0.219861
1.000000 0.221376
1.100000 0.222915
1.200000 0.224481
1.300000 0.226072
1.400000 0.227691
1.500000 0.229338
1.600000 0.231014
1.700000 0.232719
1.800000 0.234455
1.900000 0.236222
2.000000 0.238021
2.100000 0.239854
2.200000 0.241721
2.300000 0.243624
2.400000 0.245563
2.500000 0.247539
2.600000 0.249555
2.700000 0.251610
2.800000 0.253707
2.900000 0.255847
3.000000 0.258032
3.100000 0.260262
3.200000 0.262539
3.300000 0.264866
3.400000 0.267243
3.500000 0.269674
3.600000 0.272158
3.700000 0.274700
3.800000 0.277300
3.900000 0.279962
4.000000 0.282687
4.100000 0.285478
4.200000 0.288338
4.300000 0.291269
4.400000 0.294275
4.500000 0.297358
4.600000 0.300522
4.700000 0.303771
4.800000 0.307108
4.900000 0.310538
5.000000 0.314063
5.100000 0.317690
5.200000 0.321423
5.300000 0.325267
5.400000 0.329227
5.500000 0.333309
5.600000 0.337520
5.700000 0.341867
5.800000 0.346357
5.900000 0.350996
6.000000 0.355795
6.100000 0.360762
6.200000 0.365907
6.300000 0.371241
6.400000 0.376774
6.500000 0.382520
6.600000 0.388493
6.700000 0.394707
6.800000 0.401178
6.900000 0.407925
7.000000 0.414967
7.100000 0.422326
7.200000 0.430025
7.300000 0.438092
7.400000 0.446555
7.500000 0.455448
7.600000 0.464807
7.700000 0.474673
7.800000 0.485093
7.900000 0.496120
8.000000 0.507813
8.100000 0.520240
8.200000 0.533480
8.300000 0.547623
8.400000 0.562774
8.500000 0.579056
8.600000 0.596613
8.700000 0.615618
8.800000 0.636275
8.900000 0.658833
9.000000 0.683595
9.100000 0.710937
9.200000 0.741328
9.300000 0.775368
9.400000 0.813830
9.500000 0.857738
9.600000 0.908474
9.700000 0.967959
9.800000 1.038948
9.900000 1.125551
10.000000 1.234206
10.100000 1.375634
10.200000 1.569181
10.300000 1.853846
10.400000 2.322105
10.500000 3.260711
10.600000 6.233568
