0.000000 0.000000
0.100000 0.222376
0.200000 0.225813
0.300000 0.229411
0.400000 0.233182
0.500000 0.237140
0.600000 0.241300
0.700000 0.245680
0.800000 0.250299
0.900000 0.255179
1.000000 0.260343
1.100000 0.265820
1.200000 0.271641
1.300000 0.277840
1.400000 0.284460
1.500000 0.291546
1.600000 0.299152
1.700000 0.307342
1.800000 0.316189
1.900000 0.325779
2.000000 0.336215
2.100000 0.347619
2.200000 0.360138
2.300000 0.373953
2.400000 0.389282
2.500000 0.406399
2.600000 0.425650
2.700000 0.447472
2.800000 0.472439
2.900000 0.501305
3.000000 0.535095
3.100000 0.575230
3.200000 0.623750
3.300000 0.683696
3.400000 0.759823
3.500000 0.860059
3.600000 0.998782
3.700000 1.205477
3.800000 1.553512
3.900000 2.304476
4.000000 6.097914
