0.000000 0.000000 
1.000000 1.160200 
2.000000 1.328804 
3.000000 1.567534 
4.000000 1.962550 
5.000000 2.765809 
6.000000 6.227991 
7.000000 1309.316042 
8.000000 2847.106824 
9.000000 3957.665353 
10.000000 4562.621527 
11.000000 5335.203677 
12.000000 5670.165533 
13.000000 5965.423628 
14.000000 5626.332550 
15.000000 6099.047422 
16.000000 6198.460331 
17.000000 6354.553369 
18.000000 6363.631546 
19.000000 6278.806865 
20.000000 6182.660158 
21.000000 6199.263882 
22.000000 6168.262632 
23.000000 6105.435873 
24.000000 6042.443391 
25.000000 5853.270006 
