0.000000 0.000000 
1.000000 0.221396 
2.000000 0.238022 
3.000000 0.258079 
4.000000 0.282462 
5.000000 0.314295 
6.000000 0.355763 
7.000000 0.414422 
8.000000 0.506659 
9.000000 0.683005 
10.000000 1.243967 
11.000000 267.280744 
12.000000 1106.781209 
13.000000 1695.409627 
14.000000 2204.504918 
15.000000 2588.176127 
16.000000 2771.894156 
17.000000 3014.357180 
18.000000 3267.179082 
19.000000 3415.912372 
20.000000 3552.859875 
21.000000 3624.488510 
22.000000 3673.187521 
23.000000 3730.863765 
24.000000 3683.457331 
25.000000 3456.683812 
