0.000000 0.000000 
1.000000 0.924013 
2.000000 1.049125 
3.000000 1.227692 
4.000000 1.508389 
5.000000 2.023916 
6.000000 3.625284 
7.000000 670.564165 
8.000000 2376.984136 
9.000000 3550.464086 
10.000000 4283.728328 
11.000000 4929.037140 
12.000000 5299.015929 
13.000000 5607.070095 
14.000000 5791.955984 
15.000000 5765.278240 
16.000000 5822.118574 
17.000000 5936.450441 
18.000000 5933.526943 
19.000000 5961.640921 
20.000000 5995.174397 
21.000000 5965.253356 
22.000000 5950.999653 
23.000000 5852.582841 
24.000000 5807.681033 
25.000000 5674.799947 
