0.000000 0.000000 
1.000000 1.397809 
2.000000 1.608887 
3.000000 1.916468 
4.000000 2.428410 
5.000000 3.551422 
6.000000 10.840520 
7.000000 1730.291759 
8.000000 3233.183929 
9.000000 4289.015537 
10.000000 5040.154007 
11.000000 5575.571101 
12.000000 5928.984295 
13.000000 6197.259638 
14.000000 6248.260167 
15.000000 6303.683893 
16.000000 6376.117022 
17.000000 6569.966546 
18.000000 6572.058892 
19.000000 6560.112136 
20.000000 6505.731182 
21.000000 6365.885391 
22.000000 6307.099569 
23.000000 5983.694901 
24.000000 6069.925168 
25.000000 6067.965877 
