0.000000 0.000000 
1.000000 0.453043 
2.000000 0.502079 
3.000000 0.565287 
4.000000 0.653035 
5.000000 0.785705 
6.000000 1.014232 
7.000000 1.561745 
8.000000 43.839752 
9.000000 1428.753191 
10.000000 2361.649079 
11.000000 3228.289168 
12.000000 3753.732625 
13.000000 4169.346784 
14.000000 4258.556223 
15.000000 4464.398651 
16.000000 4710.381634 
17.000000 4841.452390 
18.000000 4921.176608 
19.000000 5087.013879 
20.000000 5112.276746 
21.000000 5141.226987 
22.000000 5157.327554 
23.000000 5121.122185 
24.000000 5075.145551 
25.000000 5159.212725 
