0.000000 0.000000 
1.000000 0.453224 
2.000000 0.501997 
3.000000 0.565147 
4.000000 0.653574 
5.000000 0.783267 
6.000000 1.013910 
7.000000 1.566903 
8.000000 31.080978 
9.000000 1396.805278 
10.000000 2328.881384 
11.000000 3071.653838 
12.000000 3692.739818 
13.000000 4155.635737 
14.000000 4311.261165 
15.000000 4548.168791 
16.000000 4592.477055 
17.000000 4824.951437 
18.000000 4963.248706 
19.000000 5019.662661 
20.000000 5096.204502 
21.000000 5106.110843 
22.000000 5120.155209 
23.000000 4923.018092 
24.000000 5101.326607 
25.000000 4908.908552 
